{"meta": {"format": 3, "version": "7.13.4", "timestamp": "2026-03-09T23:40:03.787023", "branch_coverage": false, "show_contexts": false}, "files": {"api/__init__.py": {"executed_lines": [7, 9], "summary": {"covered_lines": 2, "num_statements": 2, "percent_covered": 100.0, "percent_covered_display": "100", "missing_lines": 0, "excluded_lines": 0, "percent_statements_covered": 100.0, "percent_statements_covered_display": "100"}, "missing_lines": [], "excluded_lines": [], "functions": {"": {"executed_lines": [7, 9], "summary": {"covered_lines": 2, "num_statements": 2, "percent_covered": 100.0, "percent_covered_display": "100", "missing_lines": 0, "excluded_lines": 0, "percent_statements_covered": 100.0, "percent_statements_covered_display": "100"}, "missing_lines": [], "excluded_lines": [], "start_line": 1}}, "classes": {"": {"executed_lines": [7, 9], "summary": {"covered_lines": 2, "num_statements": 2, "percent_covered": 100.0, "percent_covered_display": "100", "missing_lines": 0, "excluded_lines": 0, "percent_statements_covered": 100.0, "percent_statements_covered_display": "100"}, "missing_lines": [], "excluded_lines": [], "start_line": 1}}}, "api/main.py": {"executed_lines": [10, 11, 12, 13, 15, 16, 17, 19, 21, 24, 27, 35, 66, 67, 108, 122, 131, 132, 133, 141, 142, 149], "summary": {"covered_lines": 22, "num_statements": 40, "percent_covered": 55.0, "percent_covered_display": "55", "missing_lines": 18, "excluded_lines": 0, "percent_statements_covered": 55.0, "percent_statements_covered_display": "55"}, "missing_lines": [44, 45, 47, 48, 49, 50, 51, 55, 56, 57, 58, 86, 88, 89, 90, 92, 98, 100], "excluded_lines": [], "functions": {"_load_workflow": {"executed_lines": [], "summary": {"covered_lines": 0, "num_statements": 11, "percent_covered": 0.0, "percent_covered_display": "0", "missing_lines": 11, "excluded_lines": 0, "percent_statements_covered": 0.0, "percent_statements_covered_display": "0"}, "missing_lines": [44, 45, 47, 48, 49, 50, 51, 55, 56, 57, 58], "excluded_lines": [], "start_line": 35}, "lifespan": {"executed_lines": [], "summary": {"covered_lines": 0, "num_statements": 7, "percent_covered": 0.0, "percent_covered_display": "0", "missing_lines": 7, "excluded_lines": 0, "percent_statements_covered": 0.0, "percent_statements_covered_display": "0"}, "missing_lines": [86, 88, 89, 90, 92, 98, 100], "excluded_lines": [], "start_line": 67}, "health_check": {"executed_lines": [149], "summary": {"covered_lines": 1, "num_statements": 1, "percent_covered": 100.0, "percent_covered_display": "100", "missing_lines": 0, "excluded_lines": 0, "percent_statements_covered": 100.0, "percent_statements_covered_display": "100"}, "missing_lines": [], "excluded_lines": [], "start_line": 142}, "": {"executed_lines": [10, 11, 12, 13, 15, 16, 17, 19, 21, 24, 27, 35, 66, 67, 108, 122, 131, 132, 133, 141, 142], "summary": {"covered_lines": 21, "num_statements": 21, "percent_covered": 100.0, "percent_covered_display": "100", "missing_lines": 0, "excluded_lines": 0, "percent_statements_covered": 100.0, "percent_statements_covered_display": "100"}, "missing_lines": [], "excluded_lines": [], "start_line": 1}}, "classes": {"": {"executed_lines": [10, 11, 12, 13, 15, 16, 17, 19, 21, 24, 27, 35, 66, 67, 108, 122, 131, 132, 133, 141, 142, 149], "summary": {"covered_lines": 22, "num_statements": 40, "percent_covered": 55.0, "percent_covered_display": "55", "missing_lines": 18, "excluded_lines": 0, "percent_statements_covered": 55.0, "percent_statements_covered_display": "55"}, "missing_lines": [44, 45, 47, 48, 49, 50, 51, 55, 56, 57, 58, 86, 88, 89, 90, 92, 98, 100], "excluded_lines": [], "start_line": 1}}}, "api/middleware/__init__.py": {"executed_lines": [6, 8], "summary": {"covered_lines": 2, "num_statements": 2, "percent_covered": 100.0, "percent_covered_display": "100", "missing_lines": 0, "excluded_lines": 0, "percent_statements_covered": 100.0, "percent_statements_covered_display": "100"}, "missing_lines": [], "excluded_lines": [], "functions": {"": {"executed_lines": [6, 8], "summary": {"covered_lines": 2, "num_statements": 2, "percent_covered": 100.0, "percent_covered_display": "100", "missing_lines": 0, "excluded_lines": 0, "percent_statements_covered": 100.0, "percent_statements_covered_display": "100"}, "missing_lines": [], "excluded_lines": [], "start_line": 1}}, "classes": {"": {"executed_lines": [6, 8], "summary": {"covered_lines": 2, "num_statements": 2, "percent_covered": 100.0, "percent_covered_display": "100", "missing_lines": 0, "excluded_lines": 0, "percent_statements_covered": 100.0, "percent_statements_covered_display": "100"}, "missing_lines": [], "excluded_lines": [], "start_line": 1}}}, "api/middleware/streaming.py": {"executed_lines": [7, 8, 9, 10, 12, 13, 15, 18, 30, 32, 35, 45, 46, 47, 48, 49, 52, 62, 63, 64, 65, 68, 82, 83, 84, 85, 87, 88, 97, 98, 99, 100, 102, 103, 104, 105, 107, 111, 112, 121, 123, 124, 125, 126, 127, 129, 131, 132, 141, 144], "summary": {"covered_lines": 50, "num_statements": 61, "percent_covered": 81.9672131147541, "percent_covered_display": "82", "missing_lines": 11, "excluded_lines": 0, "percent_statements_covered": 81.9672131147541, "percent_statements_covered_display": "82"}, "missing_lines": [166, 167, 168, 171, 172, 173, 174, 175, 176, 177, 178], "excluded_lines": [], "functions": {"_now_iso": {"executed_lines": [32], "summary": {"covered_lines": 1, "num_statements": 1, "percent_covered": 100.0, "percent_covered_display": "100", "missing_lines": 0, "excluded_lines": 0, "percent_statements_covered": 100.0, "percent_statements_covered_display": "100"}, "missing_lines": [], "excluded_lines": [], "start_line": 30}, "_agent_from_name": {"executed_lines": [45, 46, 47, 48, 49], "summary": {"covered_lines": 5, "num_statements": 5, "percent_covered": 100.0, "percent_covered_display": "100", "missing_lines": 0, "excluded_lines": 0, "percent_statements_covered": 100.0, "percent_statements_covered_display": "100"}, "missing_lines": [], "excluded_lines": [], "start_line": 35}, "langgraph_event_to_messages": {"executed_lines": [82, 83, 84, 85, 87, 88, 97, 98, 99, 100, 102, 103, 104, 105, 107, 111, 112, 121, 123, 124, 125, 126, 127, 129, 131, 132, 141], "summary": {"covered_lines": 27, "num_statements": 27, "percent_covered": 100.0, "percent_covered_display": "100", "missing_lines": 0, "excluded_lines": 0, "percent_statements_covered": 100.0, "percent_statements_covered_display": "100"}, "missing_lines": [], "excluded_lines": [], "start_line": 68}, "stream_workflow": {"executed_lines": [], "summary": {"covered_lines": 0, "num_statements": 11, "percent_covered": 0.0, "percent_covered_display": "0", "missing_lines": 11, "excluded_lines": 0, "percent_statements_covered": 0.0, "percent_statements_covered_display": "0"}, "missing_lines": [166, 167, 168, 171, 172, 173, 174, 175, 176, 177, 178], "excluded_lines": [], "start_line": 144}, "": {"executed_lines": [7, 8, 9, 10, 12, 13, 15, 18, 30, 35, 52, 62, 63, 64, 65, 68, 144], "summary": {"covered_lines": 17, "num_statements": 17, "percent_covered": 100.0, "percent_covered_display": "100", "missing_lines": 0, "excluded_lines": 0, "percent_statements_covered": 100.0, "percent_statements_covered_display": "100"}, "missing_lines": [], "excluded_lines": [], "start_line": 1}}, "classes": {"StreamMessage": {"executed_lines": [], "summary": {"covered_lines": 0, "num_statements": 0, "percent_covered": 100.0, "percent_covered_display": "100", "missing_lines": 0, "excluded_lines": 0, "percent_statements_covered": 100.0, "percent_statements_covered_display": "100"}, "missing_lines": [], "excluded_lines": [], "start_line": 52}, "": {"executed_lines": [7, 8, 9, 10, 12, 13, 15, 18, 30, 32, 35, 45, 46, 47, 48, 49, 52, 62, 63, 64, 65, 68, 82, 83, 84, 85, 87, 88, 97, 98, 99, 100, 102, 103, 104, 105, 107, 111, 112, 121, 123, 124, 125, 126, 127, 129, 131, 132, 141, 144], "summary": {"covered_lines": 50, "num_statements": 61, "percent_covered": 81.9672131147541, "percent_covered_display": "82", "missing_lines": 11, "excluded_lines": 0, "percent_statements_covered": 81.9672131147541, "percent_statements_covered_display": "82"}, "missing_lines": [166, 167, 168, 171, 172, 173, 174, 175, 176, 177, 178], "excluded_lines": [], "start_line": 1}}}, "api/routes/__init__.py": {"executed_lines": [6, 7, 8, 10], "summary": {"covered_lines": 4, "num_statements": 4, "percent_covered": 100.0, "percent_covered_display": "100", "missing_lines": 0, "excluded_lines": 0, "percent_statements_covered": 100.0, "percent_statements_covered_display": "100"}, "missing_lines": [], "excluded_lines": [], "functions": {"": {"executed_lines": [6, 7, 8, 10], "summary": {"covered_lines": 4, "num_statements": 4, "percent_covered": 100.0, "percent_covered_display": "100", "missing_lines": 0, "excluded_lines": 0, "percent_statements_covered": 100.0, "percent_statements_covered_display": "100"}, "missing_lines": [], "excluded_lines": [], "start_line": 1}}, "classes": {"": {"executed_lines": [6, 7, 8, 10], "summary": {"covered_lines": 4, "num_statements": 4, "percent_covered": 100.0, "percent_covered_display": "100", "missing_lines": 0, "excluded_lines": 0, "percent_statements_covered": 100.0, "percent_statements_covered_display": "100"}, "missing_lines": [], "excluded_lines": [], "start_line": 1}}}, "api/routes/analyze.py": {"executed_lines": [7, 8, 9, 10, 12, 13, 14, 16, 17, 19, 21, 29, 39, 40, 41, 44, 53, 54, 55, 63, 64, 77, 78, 79, 84, 85, 86, 91, 98, 99, 100, 102, 103, 115, 117, 119, 120, 125, 126, 127], "summary": {"covered_lines": 40, "num_statements": 46, "percent_covered": 86.95652173913044, "percent_covered_display": "87", "missing_lines": 6, "excluded_lines": 0, "percent_statements_covered": 86.95652173913044, "percent_statements_covered_display": "87"}, "missing_lines": [107, 108, 109, 116, 122, 123], "excluded_lines": [], "functions": {"run_analysis": {"executed_lines": [77, 78, 79, 84, 85, 86, 91, 98, 102, 103, 115, 117, 119, 120, 125, 126, 127], "summary": {"covered_lines": 17, "num_statements": 23, "percent_covered": 73.91304347826087, "percent_covered_display": "74", "missing_lines": 6, "excluded_lines": 0, "percent_statements_covered": 73.91304347826087, "percent_statements_covered_display": "74"}, "missing_lines": [107, 108, 109, 116, 122, 123], "excluded_lines": [], "start_line": 64}, "run_analysis._invoke": {"executed_lines": [99, 100], "summary": {"covered_lines": 2, "num_statements": 2, "percent_covered": 100.0, "percent_covered_display": "100", "missing_lines": 0, "excluded_lines": 0, "percent_statements_covered": 100.0, "percent_statements_covered_display": "100"}, "missing_lines": [], "excluded_lines": [], "start_line": 98}, "": {"executed_lines": [7, 8, 9, 10, 12, 13, 14, 16, 17, 19, 21, 29, 39, 40, 41, 44, 53, 54, 55, 63, 64], "summary": {"covered_lines": 21, "num_statements": 21, "percent_covered": 100.0, "percent_covered_display": "100", "missing_lines": 0, "excluded_lines": 0, "percent_statements_covered": 100.0, "percent_statements_covered_display": "100"}, "missing_lines": [], "excluded_lines": [], "start_line": 1}}, "classes": {"AnalysisRequest": {"executed_lines": [], "summary": {"covered_lines": 0, "num_statements": 0, "percent_covered": 100.0, "percent_covered_display": "100", "missing_lines": 0, "excluded_lines": 0, "percent_statements_covered": 100.0, "percent_statements_covered_display": "100"}, "missing_lines": [], "excluded_lines": [], "start_line": 29}, "AnalysisResponse": {"executed_lines": [], "summary": {"covered_lines": 0, "num_statements": 0, "percent_covered": 100.0, "percent_covered_display": "100", "missing_lines": 0, "excluded_lines": 0, "percent_statements_covered": 100.0, "percent_statements_covered_display": "100"}, "missing_lines": [], "excluded_lines": [], "start_line": 44}, "": {"executed_lines": [7, 8, 9, 10, 12, 13, 14, 16, 17, 19, 21, 29, 39, 40, 41, 44, 53, 54, 55, 63, 64, 77, 78, 79, 84, 85, 86, 91, 98, 99, 100, 102, 103, 115, 117, 119, 120, 125, 126, 127], "summary": {"covered_lines": 40, "num_statements": 46, "percent_covered": 86.95652173913044, "percent_covered_display": "87", "missing_lines": 6, "excluded_lines": 0, "percent_statements_covered": 86.95652173913044, "percent_statements_covered_display": "87"}, "missing_lines": [107, 108, 109, 116, 122, 123], "excluded_lines": [], "start_line": 1}}}, "api/routes/chat.py": {"executed_lines": [12, 13, 14, 15, 17, 18, 19, 20, 22, 24, 26, 29, 30, 38, 47, 48, 49, 57, 69, 104, 125, 135, 136, 161, 162, 180, 181, 182, 183, 184, 186, 187, 190, 192, 193, 199, 200, 212, 215, 216, 217, 218, 219, 222, 223, 226, 227, 233, 234, 235, 294, 295], "summary": {"covered_lines": 52, "num_statements": 147, "percent_covered": 35.374149659863946, "percent_covered_display": "35", "missing_lines": 95, "excluded_lines": 0, "percent_statements_covered": 35.374149659863946, "percent_statements_covered_display": "35"}, "missing_lines": [66, 92, 93, 95, 96, 97, 98, 101, 113, 114, 115, 116, 117, 118, 119, 120, 121, 122, 137, 138, 139, 140, 143, 144, 145, 146, 147, 148, 149, 150, 151, 152, 153, 194, 195, 196, 201, 202, 208, 209, 210, 220, 221, 237, 241, 242, 245, 248, 251, 252, 253, 254, 255, 256, 257, 258, 259, 260, 261, 262, 264, 266, 268, 272, 273, 274, 275, 277, 280, 281, 286, 316, 317, 318, 319, 321, 322, 324, 326, 327, 328, 329, 330, 332, 333, 335, 341, 342, 344, 346, 348, 349, 350, 351, 353], "excluded_lines": [], "functions": {"_build_config": {"executed_lines": [], "summary": {"covered_lines": 0, "num_statements": 1, "percent_covered": 0.0, "percent_covered_display": "0", "missing_lines": 1, "excluded_lines": 0, "percent_statements_covered": 0.0, "percent_statements_covered_display": "0"}, "missing_lines": [66], "excluded_lines": [], "start_line": 57}, "_run_and_cache": {"executed_lines": [], "summary": {"covered_lines": 0, "num_statements": 7, "percent_covered": 0.0, "percent_covered_display": "0", "missing_lines": 7, "excluded_lines": 0, "percent_statements_covered": 0.0, "percent_statements_covered_display": "0"}, "missing_lines": [92, 93, 95, 96, 97, 98, 101], "excluded_lines": [], "start_line": 69}, "_ws_sender": {"executed_lines": [], "summary": {"covered_lines": 0, "num_statements": 10, "percent_covered": 0.0, "percent_covered_display": "0", "missing_lines": 10, "excluded_lines": 0, "percent_statements_covered": 0.0, "percent_statements_covered_display": "0"}, "missing_lines": [113, 114, 115, 116, 117, 118, 119, 120, 121, 122], "excluded_lines": [], "start_line": 104}, "_ws_heartbeat": {"executed_lines": [135, 136], "summary": {"covered_lines": 2, "num_statements": 17, "percent_covered": 11.764705882352942, "percent_covered_display": "12", "missing_lines": 15, "excluded_lines": 0, "percent_statements_covered": 11.764705882352942, "percent_statements_covered_display": "12"}, "missing_lines": [137, 138, 139, 140, 143, 144, 145, 146, 147, 148, 149, 150, 151, 152, 153], "excluded_lines": [], "start_line": 125}, "ws_chat": {"executed_lines": [180, 181, 182, 183, 184, 186, 187, 190, 192, 193, 199, 200, 212, 215, 216, 217, 218, 219, 222, 223, 226, 227, 233, 234, 235], "summary": {"covered_lines": 25, "num_statements": 52, "percent_covered": 48.07692307692308, "percent_covered_display": "48", "missing_lines": 27, "excluded_lines": 0, "percent_statements_covered": 48.07692307692308, "percent_statements_covered_display": "48"}, "missing_lines": [194, 195, 196, 201, 202, 208, 209, 210, 220, 221, 237, 241, 242, 245, 248, 251, 264, 266, 268, 272, 273, 274, 275, 277, 280, 281, 286], "excluded_lines": [], "start_line": 162}, "ws_chat._receive_loop": {"executed_lines": [], "summary": {"covered_lines": 0, "num_statements": 11, "percent_covered": 0.0, "percent_covered_display": "0", "missing_lines": 11, "excluded_lines": 0, "percent_statements_covered": 0.0, "percent_statements_covered_display": "0"}, "missing_lines": [252, 253, 254, 255, 256, 257, 258, 259, 260, 261, 262], "excluded_lines": [], "start_line": 251}, "sse_chat": {"executed_lines": [], "summary": {"covered_lines": 0, "num_statements": 8, "percent_covered": 0.0, "percent_covered_display": "0", "missing_lines": 8, "excluded_lines": 0, "percent_statements_covered": 0.0, "percent_statements_covered_display": "0"}, "missing_lines": [316, 317, 318, 319, 321, 322, 324, 353], "excluded_lines": [], "start_line": 295}, "sse_chat._event_generator": {"executed_lines": [], "summary": {"covered_lines": 0, "num_statements": 16, "percent_covered": 0.0, "percent_covered_display": "0", "missing_lines": 16, "excluded_lines": 0, "percent_statements_covered": 0.0, "percent_statements_covered_display": "0"}, "missing_lines": [326, 327, 328, 329, 330, 332, 333, 335, 341, 342, 344, 346, 348, 349, 350, 351], "excluded_lines": [], "start_line": 324}, "": {"executed_lines": [12, 13, 14, 15, 17, 18, 19, 20, 22, 24, 26, 29, 30, 38, 47, 48, 49, 57, 69, 104, 125, 161, 162, 294, 295], "summary": {"covered_lines": 25, "num_statements": 25, "percent_covered": 100.0, "percent_covered_display": "100", "missing_lines": 0, "excluded_lines": 0, "percent_statements_covered": 100.0, "percent_statements_covered_display": "100"}, "missing_lines": [], "excluded_lines": [], "start_line": 1}}, "classes": {"ChatMessage": {"executed_lines": [], "summary": {"covered_lines": 0, "num_statements": 0, "percent_covered": 100.0, "percent_covered_display": "100", "missing_lines": 0, "excluded_lines": 0, "percent_statements_covered": 100.0, "percent_statements_covered_display": "100"}, "missing_lines": [], "excluded_lines": [], "start_line": 38}, "": {"executed_lines": [12, 13, 14, 15, 17, 18, 19, 20, 22, 24, 26, 29, 30, 38, 47, 48, 49, 57, 69, 104, 125, 135, 136, 161, 162, 180, 181, 182, 183, 184, 186, 187, 190, 192, 193, 199, 200, 212, 215, 216, 217, 218, 219, 222, 223, 226, 227, 233, 234, 235, 294, 295], "summary": {"covered_lines": 52, "num_statements": 147, "percent_covered": 35.374149659863946, "percent_covered_display": "35", "missing_lines": 95, "excluded_lines": 0, "percent_statements_covered": 35.374149659863946, "percent_statements_covered_display": "35"}, "missing_lines": [66, 92, 93, 95, 96, 97, 98, 101, 113, 114, 115, 116, 117, 118, 119, 120, 121, 122, 137, 138, 139, 140, 143, 144, 145, 146, 147, 148, 149, 150, 151, 152, 153, 194, 195, 196, 201, 202, 208, 209, 210, 220, 221, 237, 241, 242, 245, 248, 251, 252, 253, 254, 255, 256, 257, 258, 259, 260, 261, 262, 264, 266, 268, 272, 273, 274, 275, 277, 280, 281, 286, 316, 317, 318, 319, 321, 322, 324, 326, 327, 328, 329, 330, 332, 333, 335, 341, 342, 344, 346, 348, 349, 350, 351, 353], "excluded_lines": [], "start_line": 1}}}, "api/routes/reports.py": {"executed_lines": [7, 8, 9, 10, 11, 12, 14, 15, 16, 18, 20, 22, 24, 32, 39, 42, 52, 53, 54, 55, 58, 66, 67, 75, 84, 85, 86, 87, 90, 99, 102, 115, 116, 117, 118, 120, 121, 122, 123, 131, 132, 139, 140, 141, 142, 143, 144, 145, 146, 154, 155, 156, 158, 159, 160, 163, 164, 176, 177, 178, 181, 182, 191, 192, 194, 195, 196, 198, 199, 200, 203, 204, 213, 214, 216, 217, 218, 219, 221, 222, 223, 224, 226], "summary": {"covered_lines": 83, "num_statements": 83, "percent_covered": 100.0, "percent_covered_display": "100", "missing_lines": 0, "excluded_lines": 0, "percent_statements_covered": 100.0, "percent_statements_covered_display": "100"}, "missing_lines": [], "excluded_lines": [], "functions": {"_validate_uuid": {"executed_lines": [84, 85, 86, 87], "summary": {"covered_lines": 4, "num_statements": 4, "percent_covered": 100.0, "percent_covered_display": "100", "missing_lines": 0, "excluded_lines": 0, "percent_statements_covered": 100.0, "percent_statements_covered_display": "100"}, "missing_lines": [], "excluded_lines": [], "start_line": 75}, "_report_path": {"executed_lines": [99], "summary": {"covered_lines": 1, "num_statements": 1, "percent_covered": 100.0, "percent_covered_display": "100", "missing_lines": 0, "excluded_lines": 0, "percent_statements_covered": 100.0, "percent_statements_covered_display": "100"}, "missing_lines": [], "excluded_lines": [], "start_line": 90}, "_read_report_file": {"executed_lines": [115, 120, 121, 122, 123], "summary": {"covered_lines": 5, "num_statements": 5, "percent_covered": 100.0, "percent_covered_display": "100", "missing_lines": 0, "excluded_lines": 0, "percent_statements_covered": 100.0, "percent_statements_covered_display": "100"}, "missing_lines": [], "excluded_lines": [], "start_line": 102}, "_read_report_file._read": {"executed_lines": [116, 117, 118], "summary": {"covered_lines": 3, "num_statements": 3, "percent_covered": 100.0, "percent_covered_display": "100", "missing_lines": 0, "excluded_lines": 0, "percent_statements_covered": 100.0, "percent_statements_covered_display": "100"}, "missing_lines": [], "excluded_lines": [], "start_line": 115}, "list_reports": {"executed_lines": [139, 158, 159, 160], "summary": {"covered_lines": 4, "num_statements": 4, "percent_covered": 100.0, "percent_covered_display": "100", "missing_lines": 0, "excluded_lines": 0, "percent_statements_covered": 100.0, "percent_statements_covered_display": "100"}, "missing_lines": [], "excluded_lines": [], "start_line": 132}, "list_reports._scan": {"executed_lines": [140, 141, 142, 143, 144, 145, 146, 154, 155, 156], "summary": {"covered_lines": 10, "num_statements": 10, "percent_covered": 100.0, "percent_covered_display": "100", "missing_lines": 0, "excluded_lines": 0, "percent_statements_covered": 100.0, "percent_statements_covered_display": "100"}, "missing_lines": [], "excluded_lines": [], "start_line": 139}, "get_report": {"executed_lines": [176, 177, 178], "summary": {"covered_lines": 3, "num_statements": 3, "percent_covered": 100.0, "percent_covered_display": "100", "missing_lines": 0, "excluded_lines": 0, "percent_statements_covered": 100.0, "percent_statements_covered_display": "100"}, "missing_lines": [], "excluded_lines": [], "start_line": 164}, "save_report": {"executed_lines": [191, 192, 194, 198, 199, 200], "summary": {"covered_lines": 6, "num_statements": 6, "percent_covered": 100.0, "percent_covered_display": "100", "missing_lines": 0, "excluded_lines": 0, "percent_statements_covered": 100.0, "percent_statements_covered_display": "100"}, "missing_lines": [], "excluded_lines": [], "start_line": 182}, "save_report._write": {"executed_lines": [195, 196], "summary": {"covered_lines": 2, "num_statements": 2, "percent_covered": 100.0, "percent_covered_display": "100", "missing_lines": 0, "excluded_lines": 0, "percent_statements_covered": 100.0, "percent_statements_covered_display": "100"}, "missing_lines": [], "excluded_lines": [], "start_line": 194}, "delete_report": {"executed_lines": [213, 214, 216, 221, 222, 223, 224, 226], "summary": {"covered_lines": 8, "num_statements": 8, "percent_covered": 100.0, "percent_covered_display": "100", "missing_lines": 0, "excluded_lines": 0, "percent_statements_covered": 100.0, "percent_statements_covered_display": "100"}, "missing_lines": [], "excluded_lines": [], "start_line": 204}, "delete_report._delete": {"executed_lines": [217, 218, 219], "summary": {"covered_lines": 3, "num_statements": 3, "percent_covered": 100.0, "percent_covered_display": "100", "missing_lines": 0, "excluded_lines": 0, "percent_statements_covered": 100.0, "percent_statements_covered_display": "100"}, "missing_lines": [], "excluded_lines": [], "start_line": 216}, "": {"executed_lines": [7, 8, 9, 10, 11, 12, 14, 15, 16, 18, 20, 22, 24, 32, 39, 42, 52, 53, 54, 55, 58, 66, 67, 75, 90, 102, 131, 132, 163, 164, 181, 182, 203, 204], "summary": {"covered_lines": 34, "num_statements": 34, "percent_covered": 100.0, "percent_covered_display": "100", "missing_lines": 0, "excluded_lines": 0, "percent_statements_covered": 100.0, "percent_statements_covered_display": "100"}, "missing_lines": [], "excluded_lines": [], "start_line": 1}}, "classes": {"SaveReportRequest": {"executed_lines": [], "summary": {"covered_lines": 0, "num_statements": 0, "percent_covered": 100.0, "percent_covered_display": "100", "missing_lines": 0, "excluded_lines": 0, "percent_statements_covered": 100.0, "percent_statements_covered_display": "100"}, "missing_lines": [], "excluded_lines": [], "start_line": 32}, "ReportSummary": {"executed_lines": [], "summary": {"covered_lines": 0, "num_statements": 0, "percent_covered": 100.0, "percent_covered_display": "100", "missing_lines": 0, "excluded_lines": 0, "percent_statements_covered": 100.0, "percent_statements_covered_display": "100"}, "missing_lines": [], "excluded_lines": [], "start_line": 42}, "ReportListResponse": {"executed_lines": [], "summary": {"covered_lines": 0, "num_statements": 0, "percent_covered": 100.0, "percent_covered_display": "100", "missing_lines": 0, "excluded_lines": 0, "percent_statements_covered": 100.0, "percent_statements_covered_display": "100"}, "missing_lines": [], "excluded_lines": [], "start_line": 58}, "": {"executed_lines": [7, 8, 9, 10, 11, 12, 14, 15, 16, 18, 20, 22, 24, 32, 39, 42, 52, 53, 54, 55, 58, 66, 67, 75, 84, 85, 86, 87, 90, 99, 102, 115, 116, 117, 118, 120, 121, 122, 123, 131, 132, 139, 140, 141, 142, 143, 144, 145, 146, 154, 155, 156, 158, 159, 160, 163, 164, 176, 177, 178, 181, 182, 191, 192, 194, 195, 196, 198, 199, 200, 203, 204, 213, 214, 216, 217, 218, 219, 221, 222, 223, 224, 226], "summary": {"covered_lines": 83, "num_statements": 83, "percent_covered": 100.0, "percent_covered_display": "100", "missing_lines": 0, "excluded_lines": 0, "percent_statements_covered": 100.0, "percent_statements_covered_display": "100"}, "missing_lines": [], "excluded_lines": [], "start_line": 1}}}, "eval/__init__.py": {"executed_lines": [], "summary": {"covered_lines": 0, "num_statements": 0, "percent_covered": 100.0, "percent_covered_display": "100", "missing_lines": 0, "excluded_lines": 0, "percent_statements_covered": 100.0, "percent_statements_covered_display": "100"}, "missing_lines": [], "excluded_lines": [], "functions": {"": {"executed_lines": [], "summary": {"covered_lines": 0, "num_statements": 0, "percent_covered": 100.0, "percent_covered_display": "100", "missing_lines": 0, "excluded_lines": 0, "percent_statements_covered": 100.0, "percent_statements_covered_display": "100"}, "missing_lines": [], "excluded_lines": [], "start_line": 1}}, "classes": {"": {"executed_lines": [], "summary": {"covered_lines": 0, "num_statements": 0, "percent_covered": 100.0, "percent_covered_display": "100", "missing_lines": 0, "excluded_lines": 0, "percent_statements_covered": 100.0, "percent_statements_covered_display": "100"}, "missing_lines": [], "excluded_lines": [], "start_line": 1}}}, "eval/metrics.py": {"executed_lines": [3, 5, 6, 7, 9, 10, 12, 15, 18, 19, 20, 21, 24, 27, 28, 29, 30, 31, 36, 49, 50, 51, 52, 54, 59, 62, 63, 64, 70, 83, 84, 85, 86, 88, 93, 96, 97, 98, 104, 121, 122, 123, 124, 126, 132, 135, 136, 137, 145, 160, 161, 166, 167, 168, 169, 171, 173, 185, 200, 201, 206, 207, 208, 210, 218, 230, 231, 232, 236, 237, 243, 255, 266, 267, 269, 270, 276, 288, 301, 303, 304, 310, 323, 333, 334, 335, 336, 338, 346, 349, 365, 367, 368, 370, 371, 372, 374, 377, 378, 380, 381, 382, 383, 385, 386, 389, 390, 391, 392, 394], "summary": {"covered_lines": 110, "num_statements": 116, "percent_covered": 94.82758620689656, "percent_covered_display": "95", "missing_lines": 6, "excluded_lines": 0, "percent_statements_covered": 94.82758620689656, "percent_statements_covered_display": "95"}, "missing_lines": [60, 61, 94, 95, 133, 134], "excluded_lines": [], "functions": {"compute_faithfulness": {"executed_lines": [49, 50, 51, 52, 54, 59, 62, 63, 64], "summary": {"covered_lines": 9, "num_statements": 11, "percent_covered": 81.81818181818181, "percent_covered_display": "82", "missing_lines": 2, "excluded_lines": 0, "percent_statements_covered": 81.81818181818181, "percent_statements_covered_display": "82"}, "missing_lines": [60, 61], "excluded_lines": [], "start_line": 36}, "compute_answer_relevancy": {"executed_lines": [83, 84, 85, 86, 88, 93, 96, 97, 98], "summary": {"covered_lines": 9, "num_statements": 11, "percent_covered": 81.81818181818181, "percent_covered_display": "82", "missing_lines": 2, "excluded_lines": 0, "percent_statements_covered": 81.81818181818181, "percent_statements_covered_display": "82"}, "missing_lines": [94, 95], "excluded_lines": [], "start_line": 70}, "compute_context_precision": {"executed_lines": [121, 122, 123, 124, 126, 132, 135, 136, 137], "summary": {"covered_lines": 9, "num_statements": 11, "percent_covered": 81.81818181818181, "percent_covered_display": "82", "missing_lines": 2, "excluded_lines": 0, "percent_statements_covered": 81.81818181818181, "percent_statements_covered_display": "82"}, "missing_lines": [133, 134], "excluded_lines": [], "start_line": 104}, "compute_tool_call_accuracy": {"executed_lines": [160, 161, 166, 167, 168, 169, 171, 173], "summary": {"covered_lines": 8, "num_statements": 8, "percent_covered": 100.0, "percent_covered_display": "100", "missing_lines": 0, "excluded_lines": 0, "percent_statements_covered": 100.0, "percent_statements_covered_display": "100"}, "missing_lines": [], "excluded_lines": [], "start_line": 145}, "compute_plan_completion": {"executed_lines": [200, 201, 206, 207, 208, 210], "summary": {"covered_lines": 6, "num_statements": 6, "percent_covered": 100.0, "percent_covered_display": "100", "missing_lines": 0, "excluded_lines": 0, "percent_statements_covered": 100.0, "percent_statements_covered_display": "100"}, "missing_lines": [], "excluded_lines": [], "start_line": 185}, "compute_schema_validity": {"executed_lines": [230, 231, 232, 236, 237], "summary": {"covered_lines": 5, "num_statements": 5, "percent_covered": 100.0, "percent_covered_display": "100", "missing_lines": 0, "excluded_lines": 0, "percent_statements_covered": 100.0, "percent_statements_covered_display": "100"}, "missing_lines": [], "excluded_lines": [], "start_line": 218}, "compute_disclaimer_present": {"executed_lines": [255, 266, 267, 269, 270], "summary": {"covered_lines": 5, "num_statements": 5, "percent_covered": 100.0, "percent_covered_display": "100", "missing_lines": 0, "excluded_lines": 0, "percent_statements_covered": 100.0, "percent_statements_covered_display": "100"}, "missing_lines": [], "excluded_lines": [], "start_line": 243}, "compute_no_absolute_claims": {"executed_lines": [288, 301, 303, 304], "summary": {"covered_lines": 4, "num_statements": 4, "percent_covered": 100.0, "percent_covered_display": "100", "missing_lines": 0, "excluded_lines": 0, "percent_statements_covered": 100.0, "percent_statements_covered_display": "100"}, "missing_lines": [], "excluded_lines": [], "start_line": 276}, "compute_citation_count": {"executed_lines": [323, 333, 334, 335, 336, 338], "summary": {"covered_lines": 6, "num_statements": 6, "percent_covered": 100.0, "percent_covered_display": "100", "missing_lines": 0, "excluded_lines": 0, "percent_statements_covered": 100.0, "percent_statements_covered_display": "100"}, "missing_lines": [], "excluded_lines": [], "start_line": 310}, "compute_weighted_score": {"executed_lines": [365, 367, 368, 370, 371, 372, 374, 377, 378, 380, 381, 382, 383, 385, 386, 389, 390, 391, 392, 394], "summary": {"covered_lines": 20, "num_statements": 20, "percent_covered": 100.0, "percent_covered_display": "100", "missing_lines": 0, "excluded_lines": 0, "percent_statements_covered": 100.0, "percent_statements_covered_display": "100"}, "missing_lines": [], "excluded_lines": [], "start_line": 349}, "": {"executed_lines": [3, 5, 6, 7, 9, 10, 12, 15, 18, 19, 20, 21, 24, 27, 28, 29, 30, 31, 36, 70, 104, 145, 185, 218, 243, 276, 310, 346, 349], "summary": {"covered_lines": 29, "num_statements": 29, "percent_covered": 100.0, "percent_covered_display": "100", "missing_lines": 0, "excluded_lines": 0, "percent_statements_covered": 100.0, "percent_statements_covered_display": "100"}, "missing_lines": [], "excluded_lines": [], "start_line": 1}}, "classes": {"MetricResult": {"executed_lines": [], "summary": {"covered_lines": 0, "num_statements": 0, "percent_covered": 100.0, "percent_covered_display": "100", "missing_lines": 0, "excluded_lines": 0, "percent_statements_covered": 100.0, "percent_statements_covered_display": "100"}, "missing_lines": [], "excluded_lines": [], "start_line": 15}, "EvalReport": {"executed_lines": [], "summary": {"covered_lines": 0, "num_statements": 0, "percent_covered": 100.0, "percent_covered_display": "100", "missing_lines": 0, "excluded_lines": 0, "percent_statements_covered": 100.0, "percent_statements_covered_display": "100"}, "missing_lines": [], "excluded_lines": [], "start_line": 24}, "": {"executed_lines": [3, 5, 6, 7, 9, 10, 12, 15, 18, 19, 20, 21, 24, 27, 28, 29, 30, 31, 36, 49, 50, 51, 52, 54, 59, 62, 63, 64, 70, 83, 84, 85, 86, 88, 93, 96, 97, 98, 104, 121, 122, 123, 124, 126, 132, 135, 136, 137, 145, 160, 161, 166, 167, 168, 169, 171, 173, 185, 200, 201, 206, 207, 208, 210, 218, 230, 231, 232, 236, 237, 243, 255, 266, 267, 269, 270, 276, 288, 301, 303, 304, 310, 323, 333, 334, 335, 336, 338, 346, 349, 365, 367, 368, 370, 371, 372, 374, 377, 378, 380, 381, 382, 383, 385, 386, 389, 390, 391, 392, 394], "summary": {"covered_lines": 110, "num_statements": 116, "percent_covered": 94.82758620689656, "percent_covered_display": "95", "missing_lines": 6, "excluded_lines": 0, "percent_statements_covered": 94.82758620689656, "percent_statements_covered_display": "95"}, "missing_lines": [60, 61, 94, 95, 133, 134], "excluded_lines": [], "start_line": 1}}}, "eval/run_eval.py": {"executed_lines": [3, 5, 6, 7, 8, 9, 11, 13, 27, 29, 30, 31, 34, 40, 41, 42, 44, 47, 59, 61, 67, 69, 70, 82, 83, 90, 91, 97, 98, 104, 105, 114, 121, 124, 130, 133, 147, 148, 150, 152, 153, 154, 157, 169, 170, 171, 174, 175, 176, 178, 181, 182, 183, 185, 186, 187, 189, 190, 193, 194, 195, 197, 198, 201, 202, 203, 204, 207, 208, 210, 214, 215, 219, 221, 229, 235, 236, 237, 238, 240, 241, 242, 243, 244, 245, 246, 248, 253, 255, 258, 264, 265, 266, 267, 268, 270, 272, 273, 276, 278, 279, 280, 281, 283, 284, 285, 286, 288, 291, 292, 294, 295, 296, 297, 299, 300, 301, 302, 303, 304, 305, 306, 307, 312, 313, 314, 315, 316, 317, 318, 326, 335, 337, 338, 340, 341, 346, 347, 350, 365], "summary": {"covered_lines": 140, "num_statements": 154, "percent_covered": 90.9090909090909, "percent_covered_display": "91", "missing_lines": 14, "excluded_lines": 0, "percent_statements_covered": 90.9090909090909, "percent_statements_covered_display": "91"}, "missing_lines": [151, 216, 217, 319, 320, 352, 353, 355, 357, 358, 359, 361, 362, 366], "excluded_lines": [], "functions": {"load_test_cases": {"executed_lines": [40, 41, 42, 44], "summary": {"covered_lines": 4, "num_statements": 4, "percent_covered": 100.0, "percent_covered_display": "100", "missing_lines": 0, "excluded_lines": 0, "percent_statements_covered": 100.0, "percent_statements_covered_display": "100"}, "missing_lines": [], "excluded_lines": [], "start_line": 34}, "_build_mock_output": {"executed_lines": [59, 61, 67, 69, 70, 82, 83, 90, 91, 97, 98, 104, 105, 114, 121, 124, 130], "summary": {"covered_lines": 17, "num_statements": 17, "percent_covered": 100.0, "percent_covered_display": "100", "missing_lines": 0, "excluded_lines": 0, "percent_statements_covered": 100.0, "percent_statements_covered_display": "100"}, "missing_lines": [], "excluded_lines": [], "start_line": 47}, "run_workflow": {"executed_lines": [147, 148, 150, 152, 153, 154], "summary": {"covered_lines": 6, "num_statements": 7, "percent_covered": 85.71428571428571, "percent_covered_display": "86", "missing_lines": 1, "excluded_lines": 0, "percent_statements_covered": 85.71428571428571, "percent_statements_covered_display": "86"}, "missing_lines": [151], "excluded_lines": [], "start_line": 133}, "evaluate_single_case": {"executed_lines": [169, 170, 171, 174, 175, 176, 178, 181, 182, 183, 185, 186, 187, 189, 190, 193, 194, 195, 197, 198, 201, 202, 203, 204, 207, 208, 210, 214, 215, 219, 221], "summary": {"covered_lines": 31, "num_statements": 33, "percent_covered": 93.93939393939394, "percent_covered_display": "94", "missing_lines": 2, "excluded_lines": 0, "percent_statements_covered": 93.93939393939394, "percent_statements_covered_display": "94"}, "missing_lines": [216, 217], "excluded_lines": [], "start_line": 157}, "run_all_evaluations": {"executed_lines": [235, 236, 237, 238, 240, 241, 242, 243, 244, 245, 246, 248, 253, 255], "summary": {"covered_lines": 14, "num_statements": 14, "percent_covered": 100.0, "percent_covered_display": "100", "missing_lines": 0, "excluded_lines": 0, "percent_statements_covered": 100.0, "percent_statements_covered_display": "100"}, "missing_lines": [], "excluded_lines": [], "start_line": 229}, "print_results_table": {"executed_lines": [264, 265, 266, 267, 268, 270, 272, 273, 276, 278, 279, 280, 281, 283, 284, 285, 286, 288, 291, 292, 294, 295, 296, 297, 299, 300, 301, 302, 303, 304, 305, 306, 307, 312, 313, 314, 315, 316, 317, 318], "summary": {"covered_lines": 40, "num_statements": 42, "percent_covered": 95.23809523809524, "percent_covered_display": "95", "missing_lines": 2, "excluded_lines": 0, "percent_statements_covered": 95.23809523809524, "percent_statements_covered_display": "95"}, "missing_lines": [319, 320], "excluded_lines": [], "start_line": 258}, "save_results": {"executed_lines": [335, 337, 338, 340, 341, 346, 347], "summary": {"covered_lines": 7, "num_statements": 7, "percent_covered": 100.0, "percent_covered_display": "100", "missing_lines": 0, "excluded_lines": 0, "percent_statements_covered": 100.0, "percent_statements_covered_display": "100"}, "missing_lines": [], "excluded_lines": [], "start_line": 326}, "main": {"executed_lines": [], "summary": {"covered_lines": 0, "num_statements": 8, "percent_covered": 0.0, "percent_covered_display": "0", "missing_lines": 8, "excluded_lines": 0, "percent_statements_covered": 0.0, "percent_statements_covered_display": "0"}, "missing_lines": [352, 353, 355, 357, 358, 359, 361, 362], "excluded_lines": [], "start_line": 350}, "": {"executed_lines": [3, 5, 6, 7, 8, 9, 11, 13, 27, 29, 30, 31, 34, 47, 133, 157, 229, 258, 326, 350, 365], "summary": {"covered_lines": 21, "num_statements": 22, "percent_covered": 95.45454545454545, "percent_covered_display": "95", "missing_lines": 1, "excluded_lines": 0, "percent_statements_covered": 95.45454545454545, "percent_statements_covered_display": "95"}, "missing_lines": [366], "excluded_lines": [], "start_line": 1}}, "classes": {"": {"executed_lines": [3, 5, 6, 7, 8, 9, 11, 13, 27, 29, 30, 31, 34, 40, 41, 42, 44, 47, 59, 61, 67, 69, 70, 82, 83, 90, 91, 97, 98, 104, 105, 114, 121, 124, 130, 133, 147, 148, 150, 152, 153, 154, 157, 169, 170, 171, 174, 175, 176, 178, 181, 182, 183, 185, 186, 187, 189, 190, 193, 194, 195, 197, 198, 201, 202, 203, 204, 207, 208, 210, 214, 215, 219, 221, 229, 235, 236, 237, 238, 240, 241, 242, 243, 244, 245, 246, 248, 253, 255, 258, 264, 265, 266, 267, 268, 270, 272, 273, 276, 278, 279, 280, 281, 283, 284, 285, 286, 288, 291, 292, 294, 295, 296, 297, 299, 300, 301, 302, 303, 304, 305, 306, 307, 312, 313, 314, 315, 316, 317, 318, 326, 335, 337, 338, 340, 341, 346, 347, 350, 365], "summary": {"covered_lines": 140, "num_statements": 154, "percent_covered": 90.9090909090909, "percent_covered_display": "91", "missing_lines": 14, "excluded_lines": 0, "percent_statements_covered": 90.9090909090909, "percent_statements_covered_display": "91"}, "missing_lines": [151, 216, 217, 319, 320, 352, 353, 355, 357, 358, 359, 361, 362, 366], "excluded_lines": [], "start_line": 1}}}, "src/__init__.py": {"executed_lines": [], "summary": {"covered_lines": 0, "num_statements": 0, "percent_covered": 100.0, "percent_covered_display": "100", "missing_lines": 0, "excluded_lines": 0, "percent_statements_covered": 100.0, "percent_statements_covered_display": "100"}, "missing_lines": [], "excluded_lines": [], "functions": {"": {"executed_lines": [], "summary": {"covered_lines": 0, "num_statements": 0, "percent_covered": 100.0, "percent_covered_display": "100", "missing_lines": 0, "excluded_lines": 0, "percent_statements_covered": 100.0, "percent_statements_covered_display": "100"}, "missing_lines": [], "excluded_lines": [], "start_line": 1}}, "classes": {"": {"executed_lines": [], "summary": {"covered_lines": 0, "num_statements": 0, "percent_covered": 100.0, "percent_covered_display": "100", "missing_lines": 0, "excluded_lines": 0, "percent_statements_covered": 100.0, "percent_statements_covered_display": "100"}, "missing_lines": [], "excluded_lines": [], "start_line": 1}}}, "src/agents/__init__.py": {"executed_lines": [6, 7, 8, 9, 10, 11, 12, 13, 15], "summary": {"covered_lines": 9, "num_statements": 9, "percent_covered": 100.0, "percent_covered_display": "100", "missing_lines": 0, "excluded_lines": 0, "percent_statements_covered": 100.0, "percent_statements_covered_display": "100"}, "missing_lines": [], "excluded_lines": [], "functions": {"": {"executed_lines": [6, 7, 8, 9, 10, 11, 12, 13, 15], "summary": {"covered_lines": 9, "num_statements": 9, "percent_covered": 100.0, "percent_covered_display": "100", "missing_lines": 0, "excluded_lines": 0, "percent_statements_covered": 100.0, "percent_statements_covered_display": "100"}, "missing_lines": [], "excluded_lines": [], "start_line": 1}}, "classes": {"": {"executed_lines": [6, 7, 8, 9, 10, 11, 12, 13, 15], "summary": {"covered_lines": 9, "num_statements": 9, "percent_covered": 100.0, "percent_covered_display": "100", "missing_lines": 0, "excluded_lines": 0, "percent_statements_covered": 100.0, "percent_statements_covered_display": "100"}, "missing_lines": [], "excluded_lines": [], "start_line": 1}}}, "src/agents/analyst.py": {"executed_lines": [7, 9, 10, 11, 13, 14, 15, 17, 18, 19, 20, 21, 23, 26, 36, 37, 38, 41, 48, 50, 57, 83, 84, 97, 98, 99, 100, 101, 102, 103, 105, 204, 214, 215, 216, 217, 218, 219, 220, 221, 224, 225, 226, 227, 231, 247, 248, 277, 280, 292, 293, 294, 295, 296, 297, 298, 299, 301, 313, 315, 316], "summary": {"covered_lines": 61, "num_statements": 89, "percent_covered": 68.53932584269663, "percent_covered_display": "69", "missing_lines": 28, "excluded_lines": 0, "percent_statements_covered": 68.53932584269663, "percent_statements_covered_display": "69"}, "missing_lines": [131, 134, 142, 143, 144, 145, 147, 148, 155, 159, 165, 167, 172, 173, 174, 175, 177, 180, 181, 184, 185, 186, 187, 188, 194, 196, 202, 229], "excluded_lines": [], "functions": {"_format_data_section": {"executed_lines": [36, 37, 38], "summary": {"covered_lines": 3, "num_statements": 3, "percent_covered": 100.0, "percent_covered_display": "100", "missing_lines": 0, "excluded_lines": 0, "percent_statements_covered": 100.0, "percent_statements_covered_display": "100"}, "missing_lines": [], "excluded_lines": [], "start_line": 26}, "AnalystAgent.__init__": {"executed_lines": [50], "summary": {"covered_lines": 1, "num_statements": 1, "percent_covered": 100.0, "percent_covered_display": "100", "missing_lines": 0, "excluded_lines": 0, "percent_statements_covered": 100.0, "percent_statements_covered_display": "100"}, "missing_lines": [], "excluded_lines": [], "start_line": 48}, "AnalystAgent.invoke": {"executed_lines": [83, 84, 97, 98, 99, 100, 101, 102, 103], "summary": {"covered_lines": 9, "num_statements": 9, "percent_covered": 100.0, "percent_covered_display": "100", "missing_lines": 0, "excluded_lines": 0, "percent_statements_covered": 100.0, "percent_statements_covered_display": "100"}, "missing_lines": [], "excluded_lines": [], "start_line": 57}, "AnalystAgent._generate": {"executed_lines": [], "summary": {"covered_lines": 0, "num_statements": 27, "percent_covered": 0.0, "percent_covered_display": "0", "missing_lines": 27, "excluded_lines": 0, "percent_statements_covered": 0.0, "percent_statements_covered_display": "0"}, "missing_lines": [131, 134, 142, 143, 144, 145, 147, 148, 155, 159, 165, 167, 172, 173, 174, 175, 177, 180, 181, 184, 185, 186, 187, 188, 194, 196, 202], "excluded_lines": [], "start_line": 105}, "AnalystAgent._extract_json": {"executed_lines": [214, 215, 216, 217, 218, 219, 220, 221, 224, 225, 226, 227], "summary": {"covered_lines": 12, "num_statements": 13, "percent_covered": 92.3076923076923, "percent_covered_display": "92", "missing_lines": 1, "excluded_lines": 0, "percent_statements_covered": 92.3076923076923, "percent_statements_covered_display": "92"}, "missing_lines": [229], "excluded_lines": [], "start_line": 204}, "AnalystAgent._fallback": {"executed_lines": [247, 248], "summary": {"covered_lines": 2, "num_statements": 2, "percent_covered": 100.0, "percent_covered_display": "100", "missing_lines": 0, "excluded_lines": 0, "percent_statements_covered": 100.0, "percent_statements_covered_display": "100"}, "missing_lines": [], "excluded_lines": [], "start_line": 231}, "analyst_node": {"executed_lines": [292, 293, 294, 295, 296, 297, 298, 299, 301, 313, 315, 316], "summary": {"covered_lines": 12, "num_statements": 12, "percent_covered": 100.0, "percent_covered_display": "100", "missing_lines": 0, "excluded_lines": 0, "percent_statements_covered": 100.0, "percent_statements_covered_display": "100"}, "missing_lines": [], "excluded_lines": [], "start_line": 280}, "": {"executed_lines": [7, 9, 10, 11, 13, 14, 15, 17, 18, 19, 20, 21, 23, 26, 41, 48, 57, 105, 204, 231, 277, 280], "summary": {"covered_lines": 22, "num_statements": 22, "percent_covered": 100.0, "percent_covered_display": "100", "missing_lines": 0, "excluded_lines": 0, "percent_statements_covered": 100.0, "percent_statements_covered_display": "100"}, "missing_lines": [], "excluded_lines": [], "start_line": 1}}, "classes": {"AnalystAgent": {"executed_lines": [50, 83, 84, 97, 98, 99, 100, 101, 102, 103, 214, 215, 216, 217, 218, 219, 220, 221, 224, 225, 226, 227, 247, 248], "summary": {"covered_lines": 24, "num_statements": 52, "percent_covered": 46.15384615384615, "percent_covered_display": "46", "missing_lines": 28, "excluded_lines": 0, "percent_statements_covered": 46.15384615384615, "percent_statements_covered_display": "46"}, "missing_lines": [131, 134, 142, 143, 144, 145, 147, 148, 155, 159, 165, 167, 172, 173, 174, 175, 177, 180, 181, 184, 185, 186, 187, 188, 194, 196, 202, 229], "excluded_lines": [], "start_line": 41}, "": {"executed_lines": [7, 9, 10, 11, 13, 14, 15, 17, 18, 19, 20, 21, 23, 26, 36, 37, 38, 41, 48, 57, 105, 204, 231, 277, 280, 292, 293, 294, 295, 296, 297, 298, 299, 301, 313, 315, 316], "summary": {"covered_lines": 37, "num_statements": 37, "percent_covered": 100.0, "percent_covered_display": "100", "missing_lines": 0, "excluded_lines": 0, "percent_statements_covered": 100.0, "percent_statements_covered_display": "100"}, "missing_lines": [], "excluded_lines": [], "start_line": 1}}}, "src/agents/critic.py": {"executed_lines": [7, 9, 10, 11, 13, 14, 15, 17, 18, 19, 20, 22, 25, 41, 50, 51, 52, 53, 54, 59, 62, 71, 73, 74, 80, 81, 82, 89, 90, 91, 97, 98, 99, 107, 108, 109, 115, 121, 122, 127, 133, 140, 143, 150, 152, 159, 171, 172, 176, 177, 178, 180, 189, 190, 191, 201, 272, 313, 316, 328, 329, 332, 333, 338, 347, 348, 349, 356, 359, 361, 362, 365, 366, 367, 368, 371, 373, 374, 375, 377, 383], "summary": {"covered_lines": 81, "num_statements": 138, "percent_covered": 58.69565217391305, "percent_covered_display": "59", "missing_lines": 57, "excluded_lines": 0, "percent_statements_covered": 58.69565217391305, "percent_statements_covered_display": "59"}, "missing_lines": [92, 100, 116, 128, 134, 210, 213, 214, 215, 218, 219, 220, 221, 222, 224, 229, 236, 237, 238, 239, 242, 243, 245, 246, 249, 250, 252, 253, 254, 255, 257, 259, 266, 281, 282, 286, 287, 288, 289, 292, 293, 294, 295, 296, 297, 298, 299, 300, 302, 303, 304, 305, 307, 308, 309, 310, 370], "excluded_lines": [], "functions": {"_check_forbidden_patterns": {"executed_lines": [50, 51, 52, 53, 54, 59], "summary": {"covered_lines": 6, "num_statements": 6, "percent_covered": 100.0, "percent_covered_display": "100", "missing_lines": 0, "excluded_lines": 0, "percent_statements_covered": 100.0, "percent_statements_covered_display": "100"}, "missing_lines": [], "excluded_lines": [], "start_line": 41}, "_check_required_fields": {"executed_lines": [71, 73, 74, 80, 81, 82, 89, 90, 91, 97, 98, 99, 107, 108, 109, 115, 121, 122, 127, 133, 140], "summary": {"covered_lines": 21, "num_statements": 26, "percent_covered": 80.76923076923077, "percent_covered_display": "81", "missing_lines": 5, "excluded_lines": 0, "percent_statements_covered": 80.76923076923077, "percent_statements_covered_display": "81"}, "missing_lines": [92, 100, 116, 128, 134], "excluded_lines": [], "start_line": 62}, "CriticAgent.__init__": {"executed_lines": [152], "summary": {"covered_lines": 1, "num_statements": 1, "percent_covered": 100.0, "percent_covered_display": "100", "missing_lines": 0, "excluded_lines": 0, "percent_statements_covered": 100.0, "percent_statements_covered_display": "100"}, "missing_lines": [], "excluded_lines": [], "start_line": 150}, "CriticAgent.invoke": {"executed_lines": [171, 172, 176, 177, 178, 180, 189, 190, 191], "summary": {"covered_lines": 9, "num_statements": 9, "percent_covered": 100.0, "percent_covered_display": "100", "missing_lines": 0, "excluded_lines": 0, "percent_statements_covered": 100.0, "percent_statements_covered_display": "100"}, "missing_lines": [], "excluded_lines": [], "start_line": 159}, "CriticAgent._review": {"executed_lines": [], "summary": {"covered_lines": 0, "num_statements": 28, "percent_covered": 0.0, "percent_covered_display": "0", "missing_lines": 28, "excluded_lines": 0, "percent_statements_covered": 0.0, "percent_statements_covered_display": "0"}, "missing_lines": [210, 213, 214, 215, 218, 219, 220, 221, 222, 224, 229, 236, 237, 238, 239, 242, 243, 245, 246, 249, 250, 252, 253, 254, 255, 257, 259, 266], "excluded_lines": [], "start_line": 201}, "CriticAgent._llm_review": {"executed_lines": [], "summary": {"covered_lines": 0, "num_statements": 23, "percent_covered": 0.0, "percent_covered_display": "0", "missing_lines": 23, "excluded_lines": 0, "percent_statements_covered": 0.0, "percent_statements_covered_display": "0"}, "missing_lines": [281, 282, 286, 287, 288, 289, 292, 293, 294, 295, 296, 297, 298, 299, 300, 302, 303, 304, 305, 307, 308, 309, 310], "excluded_lines": [], "start_line": 272}, "critic_node": {"executed_lines": [328, 329, 332, 333, 338, 347, 348, 349, 356, 359, 361, 362, 365, 366, 367, 368, 371, 373, 374, 375, 377, 383], "summary": {"covered_lines": 22, "num_statements": 23, "percent_covered": 95.65217391304348, "percent_covered_display": "96", "missing_lines": 1, "excluded_lines": 0, "percent_statements_covered": 95.65217391304348, "percent_statements_covered_display": "96"}, "missing_lines": [370], "excluded_lines": [], "start_line": 316}, "": {"executed_lines": [7, 9, 10, 11, 13, 14, 15, 17, 18, 19, 20, 22, 25, 41, 62, 143, 150, 159, 201, 272, 313, 316], "summary": {"covered_lines": 22, "num_statements": 22, "percent_covered": 100.0, "percent_covered_display": "100", "missing_lines": 0, "excluded_lines": 0, "percent_statements_covered": 100.0, "percent_statements_covered_display": "100"}, "missing_lines": [], "excluded_lines": [], "start_line": 1}}, "classes": {"CriticAgent": {"executed_lines": [152, 171, 172, 176, 177, 178, 180, 189, 190, 191], "summary": {"covered_lines": 10, "num_statements": 61, "percent_covered": 16.39344262295082, "percent_covered_display": "16", "missing_lines": 51, "excluded_lines": 0, "percent_statements_covered": 16.39344262295082, "percent_statements_covered_display": "16"}, "missing_lines": [210, 213, 214, 215, 218, 219, 220, 221, 222, 224, 229, 236, 237, 238, 239, 242, 243, 245, 246, 249, 250, 252, 253, 254, 255, 257, 259, 266, 281, 282, 286, 287, 288, 289, 292, 293, 294, 295, 296, 297, 298, 299, 300, 302, 303, 304, 305, 307, 308, 309, 310], "excluded_lines": [], "start_line": 143}, "": {"executed_lines": [7, 9, 10, 11, 13, 14, 15, 17, 18, 19, 20, 22, 25, 41, 50, 51, 52, 53, 54, 59, 62, 71, 73, 74, 80, 81, 82, 89, 90, 91, 97, 98, 99, 107, 108, 109, 115, 121, 122, 127, 133, 140, 143, 150, 159, 201, 272, 313, 316, 328, 329, 332, 333, 338, 347, 348, 349, 356, 359, 361, 362, 365, 366, 367, 368, 371, 373, 374, 375, 377, 383], "summary": {"covered_lines": 71, "num_statements": 77, "percent_covered": 92.20779220779221, "percent_covered_display": "92", "missing_lines": 6, "excluded_lines": 0, "percent_statements_covered": 92.20779220779221, "percent_statements_covered_display": "92"}, "missing_lines": [92, 100, 116, 128, 134, 370], "excluded_lines": [], "start_line": 1}}}, "src/agents/market_agent.py": {"executed_lines": [7, 9, 11, 13, 14, 15, 21, 24, 67, 76, 77, 80, 87, 98, 99, 103, 104, 105, 106, 111, 120, 123, 124, 125, 127, 129, 130, 138, 141, 143, 149, 154, 163, 166, 167, 169, 173, 175, 176, 177, 179, 181, 182, 183, 185, 187, 189, 195, 196, 197, 200, 201, 202, 203, 205, 214, 220, 223, 232, 234, 235, 236, 238, 239], "summary": {"covered_lines": 64, "num_statements": 71, "percent_covered": 90.14084507042253, "percent_covered_display": "90", "missing_lines": 7, "excluded_lines": 0, "percent_statements_covered": 90.14084507042253, "percent_statements_covered_display": "90"}, "missing_lines": [107, 108, 109, 131, 136, 198, 199], "excluded_lines": [], "functions": {"_resolve_coin_id": {"executed_lines": [76, 77], "summary": {"covered_lines": 2, "num_statements": 2, "percent_covered": 100.0, "percent_covered_display": "100", "missing_lines": 0, "excluded_lines": 0, "percent_statements_covered": 100.0, "percent_statements_covered_display": "100"}, "missing_lines": [], "excluded_lines": [], "start_line": 67}, "MarketAgent.invoke": {"executed_lines": [98, 99, 103, 104, 105, 106], "summary": {"covered_lines": 6, "num_statements": 9, "percent_covered": 66.66666666666667, "percent_covered_display": "67", "missing_lines": 3, "excluded_lines": 0, "percent_statements_covered": 66.66666666666667, "percent_statements_covered_display": "67"}, "missing_lines": [107, 108, 109], "excluded_lines": [], "start_line": 87}, "MarketAgent._fetch_all": {"executed_lines": [120, 123, 124, 125, 127, 129, 130, 138, 141, 143, 149], "summary": {"covered_lines": 11, "num_statements": 13, "percent_covered": 84.61538461538461, "percent_covered_display": "85", "missing_lines": 2, "excluded_lines": 0, "percent_statements_covered": 84.61538461538461, "percent_statements_covered_display": "85"}, "missing_lines": [131, 136], "excluded_lines": [], "start_line": 111}, "MarketAgent._fetch_entity": {"executed_lines": [163, 166, 167, 169, 173, 175, 176, 177, 179, 181, 182, 183, 185, 187], "summary": {"covered_lines": 14, "num_statements": 14, "percent_covered": 100.0, "percent_covered_display": "100", "missing_lines": 0, "excluded_lines": 0, "percent_statements_covered": 100.0, "percent_statements_covered_display": "100"}, "missing_lines": [], "excluded_lines": [], "start_line": 154}, "MarketAgent._fetch_overview": {"executed_lines": [195, 196, 197, 200, 201, 202, 203], "summary": {"covered_lines": 7, "num_statements": 9, "percent_covered": 77.77777777777777, "percent_covered_display": "78", "missing_lines": 2, "excluded_lines": 0, "percent_statements_covered": 77.77777777777777, "percent_statements_covered_display": "78"}, "missing_lines": [198, 199], "excluded_lines": [], "start_line": 189}, "MarketAgent._fallback": {"executed_lines": [214], "summary": {"covered_lines": 1, "num_statements": 1, "percent_covered": 100.0, "percent_covered_display": "100", "missing_lines": 0, "excluded_lines": 0, "percent_statements_covered": 100.0, "percent_statements_covered_display": "100"}, "missing_lines": [], "excluded_lines": [], "start_line": 205}, "market_agent_node": {"executed_lines": [232, 234, 235, 236, 238, 239], "summary": {"covered_lines": 6, "num_statements": 6, "percent_covered": 100.0, "percent_covered_display": "100", "missing_lines": 0, "excluded_lines": 0, "percent_statements_covered": 100.0, "percent_statements_covered_display": "100"}, "missing_lines": [], "excluded_lines": [], "start_line": 223}, "": {"executed_lines": [7, 9, 11, 13, 14, 15, 21, 24, 67, 80, 87, 111, 154, 189, 205, 220, 223], "summary": {"covered_lines": 17, "num_statements": 17, "percent_covered": 100.0, "percent_covered_display": "100", "missing_lines": 0, "excluded_lines": 0, "percent_statements_covered": 100.0, "percent_statements_covered_display": "100"}, "missing_lines": [], "excluded_lines": [], "start_line": 1}}, "classes": {"MarketAgent": {"executed_lines": [98, 99, 103, 104, 105, 106, 120, 123, 124, 125, 127, 129, 130, 138, 141, 143, 149, 163, 166, 167, 169, 173, 175, 176, 177, 179, 181, 182, 183, 185, 187, 195, 196, 197, 200, 201, 202, 203, 214], "summary": {"covered_lines": 39, "num_statements": 46, "percent_covered": 84.78260869565217, "percent_covered_display": "85", "missing_lines": 7, "excluded_lines": 0, "percent_statements_covered": 84.78260869565217, "percent_statements_covered_display": "85"}, "missing_lines": [107, 108, 109, 131, 136, 198, 199], "excluded_lines": [], "start_line": 80}, "": {"executed_lines": [7, 9, 11, 13, 14, 15, 21, 24, 67, 76, 77, 80, 87, 111, 154, 189, 205, 220, 223, 232, 234, 235, 236, 238, 239], "summary": {"covered_lines": 25, "num_statements": 25, "percent_covered": 100.0, "percent_covered_display": "100", "missing_lines": 0, "excluded_lines": 0, "percent_statements_covered": 100.0, "percent_statements_covered_display": "100"}, "missing_lines": [], "excluded_lines": [], "start_line": 1}}}, "src/agents/news_agent.py": {"executed_lines": [7, 9, 11, 13, 14, 15, 17, 20, 44, 53, 54, 57, 63, 72, 73, 77, 78, 79, 80, 85, 94, 96, 97, 98, 100, 102, 103, 111, 113, 115, 117, 126, 129, 130, 132, 136, 138, 139, 140, 142, 144, 145, 146, 148, 150, 152, 161, 168, 171, 180, 182, 183, 184, 186, 187], "summary": {"covered_lines": 55, "num_statements": 60, "percent_covered": 91.66666666666667, "percent_covered_display": "92", "missing_lines": 5, "excluded_lines": 0, "percent_statements_covered": 91.66666666666667, "percent_statements_covered_display": "92"}, "missing_lines": [81, 82, 83, 104, 109], "excluded_lines": [], "functions": {"_resolve_ticker": {"executed_lines": [53, 54], "summary": {"covered_lines": 2, "num_statements": 2, "percent_covered": 100.0, "percent_covered_display": "100", "missing_lines": 0, "excluded_lines": 0, "percent_statements_covered": 100.0, "percent_statements_covered_display": "100"}, "missing_lines": [], "excluded_lines": [], "start_line": 44}, "NewsAgent.invoke": {"executed_lines": [72, 73, 77, 78, 79, 80], "summary": {"covered_lines": 6, "num_statements": 9, "percent_covered": 66.66666666666667, "percent_covered_display": "67", "missing_lines": 3, "excluded_lines": 0, "percent_statements_covered": 66.66666666666667, "percent_statements_covered_display": "67"}, "missing_lines": [81, 82, 83], "excluded_lines": [], "start_line": 63}, "NewsAgent._fetch_all": {"executed_lines": [94, 96, 97, 98, 100, 102, 103, 111, 113, 115], "summary": {"covered_lines": 10, "num_statements": 12, "percent_covered": 83.33333333333333, "percent_covered_display": "83", "missing_lines": 2, "excluded_lines": 0, "percent_statements_covered": 83.33333333333333, "percent_statements_covered_display": "83"}, "missing_lines": [104, 109], "excluded_lines": [], "start_line": 85}, "NewsAgent._fetch_entity": {"executed_lines": [126, 129, 130, 132, 136, 138, 139, 140, 142, 144, 145, 146, 148, 150], "summary": {"covered_lines": 14, "num_statements": 14, "percent_covered": 100.0, "percent_covered_display": "100", "missing_lines": 0, "excluded_lines": 0, "percent_statements_covered": 100.0, "percent_statements_covered_display": "100"}, "missing_lines": [], "excluded_lines": [], "start_line": 117}, "NewsAgent._fallback": {"executed_lines": [161], "summary": {"covered_lines": 1, "num_statements": 1, "percent_covered": 100.0, "percent_covered_display": "100", "missing_lines": 0, "excluded_lines": 0, "percent_statements_covered": 100.0, "percent_statements_covered_display": "100"}, "missing_lines": [], "excluded_lines": [], "start_line": 152}, "news_agent_node": {"executed_lines": [180, 182, 183, 184, 186, 187], "summary": {"covered_lines": 6, "num_statements": 6, "percent_covered": 100.0, "percent_covered_display": "100", "missing_lines": 0, "excluded_lines": 0, "percent_statements_covered": 100.0, "percent_statements_covered_display": "100"}, "missing_lines": [], "excluded_lines": [], "start_line": 171}, "": {"executed_lines": [7, 9, 11, 13, 14, 15, 17, 20, 44, 57, 63, 85, 117, 152, 168, 171], "summary": {"covered_lines": 16, "num_statements": 16, "percent_covered": 100.0, "percent_covered_display": "100", "missing_lines": 0, "excluded_lines": 0, "percent_statements_covered": 100.0, "percent_statements_covered_display": "100"}, "missing_lines": [], "excluded_lines": [], "start_line": 1}}, "classes": {"NewsAgent": {"executed_lines": [72, 73, 77, 78, 79, 80, 94, 96, 97, 98, 100, 102, 103, 111, 113, 115, 126, 129, 130, 132, 136, 138, 139, 140, 142, 144, 145, 146, 148, 150, 161], "summary": {"covered_lines": 31, "num_statements": 36, "percent_covered": 86.11111111111111, "percent_covered_display": "86", "missing_lines": 5, "excluded_lines": 0, "percent_statements_covered": 86.11111111111111, "percent_statements_covered_display": "86"}, "missing_lines": [81, 82, 83, 104, 109], "excluded_lines": [], "start_line": 57}, "": {"executed_lines": [7, 9, 11, 13, 14, 15, 17, 20, 44, 53, 54, 57, 63, 85, 117, 152, 168, 171, 180, 182, 183, 184, 186, 187], "summary": {"covered_lines": 24, "num_statements": 24, "percent_covered": 100.0, "percent_covered_display": "100", "missing_lines": 0, "excluded_lines": 0, "percent_statements_covered": 100.0, "percent_statements_covered_display": "100"}, "missing_lines": [], "excluded_lines": [], "start_line": 1}}}, "src/agents/planner.py": {"executed_lines": [7, 9, 10, 12, 13, 14, 16, 17, 18, 20, 22, 25, 33, 41, 47, 49, 56, 66, 67, 71, 72, 73, 74, 75, 76, 77, 79, 132, 141, 144, 147, 156, 157, 159, 161, 162], "summary": {"covered_lines": 36, "num_statements": 63, "percent_covered": 57.142857142857146, "percent_covered_display": "57", "missing_lines": 27, "excluded_lines": 0, "percent_statements_covered": 57.142857142857146, "percent_statements_covered_display": "57"}, "missing_lines": [89, 94, 98, 99, 100, 101, 103, 106, 107, 108, 109, 110, 111, 113, 114, 117, 118, 119, 120, 121, 122, 123, 125, 126, 127, 129, 130], "excluded_lines": [], "functions": {"PlannerAgent.__init__": {"executed_lines": [49], "summary": {"covered_lines": 1, "num_statements": 1, "percent_covered": 100.0, "percent_covered_display": "100", "missing_lines": 0, "excluded_lines": 0, "percent_statements_covered": 100.0, "percent_statements_covered_display": "100"}, "missing_lines": [], "excluded_lines": [], "start_line": 47}, "PlannerAgent.invoke": {"executed_lines": [66, 67, 71, 72, 73, 74, 75, 76, 77], "summary": {"covered_lines": 9, "num_statements": 9, "percent_covered": 100.0, "percent_covered_display": "100", "missing_lines": 0, "excluded_lines": 0, "percent_statements_covered": 100.0, "percent_statements_covered_display": "100"}, "missing_lines": [], "excluded_lines": [], "start_line": 56}, "PlannerAgent._call_llm": {"executed_lines": [], "summary": {"covered_lines": 0, "num_statements": 27, "percent_covered": 0.0, "percent_covered_display": "0", "missing_lines": 27, "excluded_lines": 0, "percent_statements_covered": 0.0, "percent_statements_covered_display": "0"}, "missing_lines": [89, 94, 98, 99, 100, 101, 103, 106, 107, 108, 109, 110, 111, 113, 114, 117, 118, 119, 120, 121, 122, 123, 125, 126, 127, 129, 130], "excluded_lines": [], "start_line": 79}, "PlannerAgent._fallback": {"executed_lines": [141], "summary": {"covered_lines": 1, "num_statements": 1, "percent_covered": 100.0, "percent_covered_display": "100", "missing_lines": 0, "excluded_lines": 0, "percent_statements_covered": 100.0, "percent_statements_covered_display": "100"}, "missing_lines": [], "excluded_lines": [], "start_line": 132}, "planner_node": {"executed_lines": [156, 157, 159, 161, 162], "summary": {"covered_lines": 5, "num_statements": 5, "percent_covered": 100.0, "percent_covered_display": "100", "missing_lines": 0, "excluded_lines": 0, "percent_statements_covered": 100.0, "percent_statements_covered_display": "100"}, "missing_lines": [], "excluded_lines": [], "start_line": 147}, "": {"executed_lines": [7, 9, 10, 12, 13, 14, 16, 17, 18, 20, 22, 25, 33, 41, 47, 56, 79, 132, 144, 147], "summary": {"covered_lines": 20, "num_statements": 20, "percent_covered": 100.0, "percent_covered_display": "100", "missing_lines": 0, "excluded_lines": 0, "percent_statements_covered": 100.0, "percent_statements_covered_display": "100"}, "missing_lines": [], "excluded_lines": [], "start_line": 1}}, "classes": {"PlannerAgent": {"executed_lines": [49, 66, 67, 71, 72, 73, 74, 75, 76, 77, 141], "summary": {"covered_lines": 11, "num_statements": 38, "percent_covered": 28.94736842105263, "percent_covered_display": "29", "missing_lines": 27, "excluded_lines": 0, "percent_statements_covered": 28.94736842105263, "percent_statements_covered_display": "29"}, "missing_lines": [89, 94, 98, 99, 100, 101, 103, 106, 107, 108, 109, 110, 111, 113, 114, 117, 118, 119, 120, 121, 122, 123, 125, 126, 127, 129, 130], "excluded_lines": [], "start_line": 41}, "": {"executed_lines": [7, 9, 10, 12, 13, 14, 16, 17, 18, 20, 22, 25, 33, 41, 47, 56, 79, 132, 144, 147, 156, 157, 159, 161, 162], "summary": {"covered_lines": 25, "num_statements": 25, "percent_covered": 100.0, "percent_covered_display": "100", "missing_lines": 0, "excluded_lines": 0, "percent_statements_covered": 100.0, "percent_statements_covered_display": "100"}, "missing_lines": [], "excluded_lines": [], "start_line": 1}}}, "src/agents/prompts/__init__.py": {"executed_lines": [6, 7, 8, 9, 10, 11, 12, 13, 15], "summary": {"covered_lines": 9, "num_statements": 9, "percent_covered": 100.0, "percent_covered_display": "100", "missing_lines": 0, "excluded_lines": 0, "percent_statements_covered": 100.0, "percent_statements_covered_display": "100"}, "missing_lines": [], "excluded_lines": [], "functions": {"": {"executed_lines": [6, 7, 8, 9, 10, 11, 12, 13, 15], "summary": {"covered_lines": 9, "num_statements": 9, "percent_covered": 100.0, "percent_covered_display": "100", "missing_lines": 0, "excluded_lines": 0, "percent_statements_covered": 100.0, "percent_statements_covered_display": "100"}, "missing_lines": [], "excluded_lines": [], "start_line": 1}}, "classes": {"": {"executed_lines": [6, 7, 8, 9, 10, 11, 12, 13, 15], "summary": {"covered_lines": 9, "num_statements": 9, "percent_covered": 100.0, "percent_covered_display": "100", "missing_lines": 0, "excluded_lines": 0, "percent_statements_covered": 100.0, "percent_statements_covered_display": "100"}, "missing_lines": [], "excluded_lines": [], "start_line": 1}}}, "src/agents/prompts/analyst_prompt.py": {"executed_lines": [3], "summary": {"covered_lines": 1, "num_statements": 1, "percent_covered": 100.0, "percent_covered_display": "100", "missing_lines": 0, "excluded_lines": 0, "percent_statements_covered": 100.0, "percent_statements_covered_display": "100"}, "missing_lines": [], "excluded_lines": [], "functions": {"": {"executed_lines": [3], "summary": {"covered_lines": 1, "num_statements": 1, "percent_covered": 100.0, "percent_covered_display": "100", "missing_lines": 0, "excluded_lines": 0, "percent_statements_covered": 100.0, "percent_statements_covered_display": "100"}, "missing_lines": [], "excluded_lines": [], "start_line": 1}}, "classes": {"": {"executed_lines": [3], "summary": {"covered_lines": 1, "num_statements": 1, "percent_covered": 100.0, "percent_covered_display": "100", "missing_lines": 0, "excluded_lines": 0, "percent_statements_covered": 100.0, "percent_statements_covered_display": "100"}, "missing_lines": [], "excluded_lines": [], "start_line": 1}}}, "src/agents/prompts/critic_prompt.py": {"executed_lines": [3], "summary": {"covered_lines": 1, "num_statements": 1, "percent_covered": 100.0, "percent_covered_display": "100", "missing_lines": 0, "excluded_lines": 0, "percent_statements_covered": 100.0, "percent_statements_covered_display": "100"}, "missing_lines": [], "excluded_lines": [], "functions": {"": {"executed_lines": [3], "summary": {"covered_lines": 1, "num_statements": 1, "percent_covered": 100.0, "percent_covered_display": "100", "missing_lines": 0, "excluded_lines": 0, "percent_statements_covered": 100.0, "percent_statements_covered_display": "100"}, "missing_lines": [], "excluded_lines": [], "start_line": 1}}, "classes": {"": {"executed_lines": [3], "summary": {"covered_lines": 1, "num_statements": 1, "percent_covered": 100.0, "percent_covered_display": "100", "missing_lines": 0, "excluded_lines": 0, "percent_statements_covered": 100.0, "percent_statements_covered_display": "100"}, "missing_lines": [], "excluded_lines": [], "start_line": 1}}}, "src/agents/prompts/market_prompt.py": {"executed_lines": [3], "summary": {"covered_lines": 1, "num_statements": 1, "percent_covered": 100.0, "percent_covered_display": "100", "missing_lines": 0, "excluded_lines": 0, "percent_statements_covered": 100.0, "percent_statements_covered_display": "100"}, "missing_lines": [], "excluded_lines": [], "functions": {"": {"executed_lines": [3], "summary": {"covered_lines": 1, "num_statements": 1, "percent_covered": 100.0, "percent_covered_display": "100", "missing_lines": 0, "excluded_lines": 0, "percent_statements_covered": 100.0, "percent_statements_covered_display": "100"}, "missing_lines": [], "excluded_lines": [], "start_line": 1}}, "classes": {"": {"executed_lines": [3], "summary": {"covered_lines": 1, "num_statements": 1, "percent_covered": 100.0, "percent_covered_display": "100", "missing_lines": 0, "excluded_lines": 0, "percent_statements_covered": 100.0, "percent_statements_covered_display": "100"}, "missing_lines": [], "excluded_lines": [], "start_line": 1}}}, "src/agents/prompts/news_prompt.py": {"executed_lines": [3], "summary": {"covered_lines": 1, "num_statements": 1, "percent_covered": 100.0, "percent_covered_display": "100", "missing_lines": 0, "excluded_lines": 0, "percent_statements_covered": 100.0, "percent_statements_covered_display": "100"}, "missing_lines": [], "excluded_lines": [], "functions": {"": {"executed_lines": [3], "summary": {"covered_lines": 1, "num_statements": 1, "percent_covered": 100.0, "percent_covered_display": "100", "missing_lines": 0, "excluded_lines": 0, "percent_statements_covered": 100.0, "percent_statements_covered_display": "100"}, "missing_lines": [], "excluded_lines": [], "start_line": 1}}, "classes": {"": {"executed_lines": [3], "summary": {"covered_lines": 1, "num_statements": 1, "percent_covered": 100.0, "percent_covered_display": "100", "missing_lines": 0, "excluded_lines": 0, "percent_statements_covered": 100.0, "percent_statements_covered_display": "100"}, "missing_lines": [], "excluded_lines": [], "start_line": 1}}}, "src/agents/prompts/planner_prompt.py": {"executed_lines": [3], "summary": {"covered_lines": 1, "num_statements": 1, "percent_covered": 100.0, "percent_covered_display": "100", "missing_lines": 0, "excluded_lines": 0, "percent_statements_covered": 100.0, "percent_statements_covered_display": "100"}, "missing_lines": [], "excluded_lines": [], "functions": {"": {"executed_lines": [3], "summary": {"covered_lines": 1, "num_statements": 1, "percent_covered": 100.0, "percent_covered_display": "100", "missing_lines": 0, "excluded_lines": 0, "percent_statements_covered": 100.0, "percent_statements_covered_display": "100"}, "missing_lines": [], "excluded_lines": [], "start_line": 1}}, "classes": {"": {"executed_lines": [3], "summary": {"covered_lines": 1, "num_statements": 1, "percent_covered": 100.0, "percent_covered_display": "100", "missing_lines": 0, "excluded_lines": 0, "percent_statements_covered": 100.0, "percent_statements_covered_display": "100"}, "missing_lines": [], "excluded_lines": [], "start_line": 1}}}, "src/agents/prompts/rag_prompt.py": {"executed_lines": [8], "summary": {"covered_lines": 1, "num_statements": 1, "percent_covered": 100.0, "percent_covered_display": "100", "missing_lines": 0, "excluded_lines": 0, "percent_statements_covered": 100.0, "percent_statements_covered_display": "100"}, "missing_lines": [], "excluded_lines": [], "functions": {"": {"executed_lines": [8], "summary": {"covered_lines": 1, "num_statements": 1, "percent_covered": 100.0, "percent_covered_display": "100", "missing_lines": 0, "excluded_lines": 0, "percent_statements_covered": 100.0, "percent_statements_covered_display": "100"}, "missing_lines": [], "excluded_lines": [], "start_line": 1}}, "classes": {"": {"executed_lines": [8], "summary": {"covered_lines": 1, "num_statements": 1, "percent_covered": 100.0, "percent_covered_display": "100", "missing_lines": 0, "excluded_lines": 0, "percent_statements_covered": 100.0, "percent_statements_covered_display": "100"}, "missing_lines": [], "excluded_lines": [], "start_line": 1}}}, "src/agents/prompts/router_prompt.py": {"executed_lines": [3], "summary": {"covered_lines": 1, "num_statements": 1, "percent_covered": 100.0, "percent_covered_display": "100", "missing_lines": 0, "excluded_lines": 0, "percent_statements_covered": 100.0, "percent_statements_covered_display": "100"}, "missing_lines": [], "excluded_lines": [], "functions": {"": {"executed_lines": [3], "summary": {"covered_lines": 1, "num_statements": 1, "percent_covered": 100.0, "percent_covered_display": "100", "missing_lines": 0, "excluded_lines": 0, "percent_statements_covered": 100.0, "percent_statements_covered_display": "100"}, "missing_lines": [], "excluded_lines": [], "start_line": 1}}, "classes": {"": {"executed_lines": [3], "summary": {"covered_lines": 1, "num_statements": 1, "percent_covered": 100.0, "percent_covered_display": "100", "missing_lines": 0, "excluded_lines": 0, "percent_statements_covered": 100.0, "percent_statements_covered_display": "100"}, "missing_lines": [], "excluded_lines": [], "start_line": 1}}}, "src/agents/prompts/tokenomics_prompt.py": {"executed_lines": [3], "summary": {"covered_lines": 1, "num_statements": 1, "percent_covered": 100.0, "percent_covered_display": "100", "missing_lines": 0, "excluded_lines": 0, "percent_statements_covered": 100.0, "percent_statements_covered_display": "100"}, "missing_lines": [], "excluded_lines": [], "functions": {"": {"executed_lines": [3], "summary": {"covered_lines": 1, "num_statements": 1, "percent_covered": 100.0, "percent_covered_display": "100", "missing_lines": 0, "excluded_lines": 0, "percent_statements_covered": 100.0, "percent_statements_covered_display": "100"}, "missing_lines": [], "excluded_lines": [], "start_line": 1}}, "classes": {"": {"executed_lines": [3], "summary": {"covered_lines": 1, "num_statements": 1, "percent_covered": 100.0, "percent_covered_display": "100", "missing_lines": 0, "excluded_lines": 0, "percent_statements_covered": 100.0, "percent_statements_covered_display": "100"}, "missing_lines": [], "excluded_lines": [], "start_line": 1}}}, "src/agents/rag_agent.py": {"executed_lines": [7, 9, 11, 13, 14, 15, 17, 20, 27, 29, 31, 44, 45, 49, 50, 51, 52, 53, 54, 55, 57, 117, 126, 133, 136, 145, 146, 148, 149, 150, 152, 153], "summary": {"covered_lines": 32, "num_statements": 50, "percent_covered": 64.0, "percent_covered_display": "64", "missing_lines": 18, "excluded_lines": 0, "percent_statements_covered": 64.0, "percent_statements_covered_display": "64"}, "missing_lines": [67, 70, 71, 74, 75, 76, 80, 83, 84, 85, 86, 87, 88, 89, 97, 100, 104, 111], "excluded_lines": [], "functions": {"RAGAgent.__init__": {"executed_lines": [29], "summary": {"covered_lines": 1, "num_statements": 1, "percent_covered": 100.0, "percent_covered_display": "100", "missing_lines": 0, "excluded_lines": 0, "percent_statements_covered": 100.0, "percent_statements_covered_display": "100"}, "missing_lines": [], "excluded_lines": [], "start_line": 27}, "RAGAgent.invoke": {"executed_lines": [44, 45, 49, 50, 51, 52, 53, 54, 55], "summary": {"covered_lines": 9, "num_statements": 9, "percent_covered": 100.0, "percent_covered_display": "100", "missing_lines": 0, "excluded_lines": 0, "percent_statements_covered": 100.0, "percent_statements_covered_display": "100"}, "missing_lines": [], "excluded_lines": [], "start_line": 31}, "RAGAgent._retrieve": {"executed_lines": [], "summary": {"covered_lines": 0, "num_statements": 18, "percent_covered": 0.0, "percent_covered_display": "0", "missing_lines": 18, "excluded_lines": 0, "percent_statements_covered": 0.0, "percent_statements_covered_display": "0"}, "missing_lines": [67, 70, 71, 74, 75, 76, 80, 83, 84, 85, 86, 87, 88, 89, 97, 100, 104, 111], "excluded_lines": [], "start_line": 57}, "RAGAgent._fallback": {"executed_lines": [126], "summary": {"covered_lines": 1, "num_statements": 1, "percent_covered": 100.0, "percent_covered_display": "100", "missing_lines": 0, "excluded_lines": 0, "percent_statements_covered": 100.0, "percent_statements_covered_display": "100"}, "missing_lines": [], "excluded_lines": [], "start_line": 117}, "rag_agent_node": {"executed_lines": [145, 146, 148, 149, 150, 152, 153], "summary": {"covered_lines": 7, "num_statements": 7, "percent_covered": 100.0, "percent_covered_display": "100", "missing_lines": 0, "excluded_lines": 0, "percent_statements_covered": 100.0, "percent_statements_covered_display": "100"}, "missing_lines": [], "excluded_lines": [], "start_line": 136}, "": {"executed_lines": [7, 9, 11, 13, 14, 15, 17, 20, 27, 31, 57, 117, 133, 136], "summary": {"covered_lines": 14, "num_statements": 14, "percent_covered": 100.0, "percent_covered_display": "100", "missing_lines": 0, "excluded_lines": 0, "percent_statements_covered": 100.0, "percent_statements_covered_display": "100"}, "missing_lines": [], "excluded_lines": [], "start_line": 1}}, "classes": {"RAGAgent": {"executed_lines": [29, 44, 45, 49, 50, 51, 52, 53, 54, 55, 126], "summary": {"covered_lines": 11, "num_statements": 29, "percent_covered": 37.93103448275862, "percent_covered_display": "38", "missing_lines": 18, "excluded_lines": 0, "percent_statements_covered": 37.93103448275862, "percent_statements_covered_display": "38"}, "missing_lines": [67, 70, 71, 74, 75, 76, 80, 83, 84, 85, 86, 87, 88, 89, 97, 100, 104, 111], "excluded_lines": [], "start_line": 20}, "": {"executed_lines": [7, 9, 11, 13, 14, 15, 17, 20, 27, 31, 57, 117, 133, 136, 145, 146, 148, 149, 150, 152, 153], "summary": {"covered_lines": 21, "num_statements": 21, "percent_covered": 100.0, "percent_covered_display": "100", "missing_lines": 0, "excluded_lines": 0, "percent_statements_covered": 100.0, "percent_statements_covered_display": "100"}, "missing_lines": [], "excluded_lines": [], "start_line": 1}}}, "src/agents/router.py": {"executed_lines": [7, 9, 10, 11, 13, 14, 15, 17, 18, 19, 21, 23, 26, 33, 35, 42, 54, 55, 59, 67, 112, 123, 125, 126, 127, 128, 129, 132, 135, 137, 143, 144, 146, 147, 148, 149, 150, 151, 153, 161, 164, 173, 174, 175, 176, 178, 180, 186], "summary": {"covered_lines": 48, "num_statements": 75, "percent_covered": 64.0, "percent_covered_display": "64", "missing_lines": 27, "excluded_lines": 0, "percent_statements_covered": 64.0, "percent_statements_covered_display": "64"}, "missing_lines": [60, 61, 62, 63, 64, 65, 76, 80, 81, 82, 83, 85, 88, 89, 90, 91, 92, 93, 95, 98, 99, 100, 102, 103, 104, 106, 130], "excluded_lines": [], "functions": {"RouterAgent.__init__": {"executed_lines": [35], "summary": {"covered_lines": 1, "num_statements": 1, "percent_covered": 100.0, "percent_covered_display": "100", "missing_lines": 0, "excluded_lines": 0, "percent_statements_covered": 100.0, "percent_statements_covered_display": "100"}, "missing_lines": [], "excluded_lines": [], "start_line": 33}, "RouterAgent.invoke": {"executed_lines": [54, 55, 59], "summary": {"covered_lines": 3, "num_statements": 9, "percent_covered": 33.333333333333336, "percent_covered_display": "33", "missing_lines": 6, "excluded_lines": 0, "percent_statements_covered": 33.333333333333336, "percent_statements_covered_display": "33"}, "missing_lines": [60, 61, 62, 63, 64, 65], "excluded_lines": [], "start_line": 42}, "RouterAgent._call_llm": {"executed_lines": [], "summary": {"covered_lines": 0, "num_statements": 20, "percent_cover
[...]
: 0, "excluded_lines": 0, "percent_statements_covered": 100.0, "percent_statements_covered_display": "100"}, "missing_lines": [], "excluded_lines": [], "start_line": 255}, "AgenticRetriever._reciprocal_rank_fusion._doc_key": {"executed_lines": [277], "summary": {"covered_lines": 1, "num_statements": 1, "percent_covered": 100.0, "percent_covered_display": "100", "missing_lines": 0, "excluded_lines": 0, "percent_statements_covered": 100.0, "percent_statements_covered_display": "100"}, "missing_lines": [], "excluded_lines": [], "start_line": 276}, "AgenticRetriever._rerank": {"executed_lines": [319, 320, 323, 328, 329, 331, 332, 333, 334, 335, 336, 340, 341], "summary": {"covered_lines": 13, "num_statements": 13, "percent_covered": 100.0, "percent_covered_display": "100", "missing_lines": 0, "excluded_lines": 0, "percent_statements_covered": 100.0, "percent_statements_covered_display": "100"}, "missing_lines": [], "excluded_lines": [], "start_line": 308}, "AgenticRetriever._hybrid_search": {"executed_lines": [353, 354, 356, 362, 363], "summary": {"covered_lines": 5, "num_statements": 5, "percent_covered": 100.0, "percent_covered_display": "100", "missing_lines": 0, "excluded_lines": 0, "percent_statements_covered": 100.0, "percent_statements_covered_display": "100"}, "missing_lines": [], "excluded_lines": [], "start_line": 343}, "AgenticRetriever._check_sufficiency": {"executed_lines": [375, 376, 378, 379], "summary": {"covered_lines": 4, "num_statements": 4, "percent_covered": 100.0, "percent_covered_display": "100", "missing_lines": 0, "excluded_lines": 0, "percent_statements_covered": 100.0, "percent_statements_covered_display": "100"}, "missing_lines": [], "excluded_lines": [], "start_line": 365}, "AgenticRetriever._reformulate_query": {"executed_lines": [393, 395, 399, 400], "summary": {"covered_lines": 4, "num_statements": 4, "percent_covered": 100.0, "percent_covered_display": "100", "missing_lines": 0, "excluded_lines": 0, "percent_statements_covered": 100.0, "percent_statements_covered_display": "100"}, "missing_lines": [], "excluded_lines": [], "start_line": 381}, "AgenticRetriever.retrieve": {"executed_lines": [424, 427, 428, 430, 431, 434, 435, 437, 440, 441, 443, 444, 445, 448, 449, 450, 451, 452, 453, 454, 457, 458, 459, 461, 462, 463, 466, 469, 470, 472, 473, 474, 476, 481, 482, 483, 486, 487, 488, 489, 490, 491, 492, 494, 497, 498, 499, 500, 501, 503, 514, 515], "summary": {"covered_lines": 52, "num_statements": 52, "percent_covered": 100.0, "percent_covered_display": "100", "missing_lines": 0, "excluded_lines": 0, "percent_statements_covered": 100.0, "percent_statements_covered_display": "100"}, "missing_lines": [], "excluded_lines": [], "start_line": 402}, "": {"executed_lines": [12, 14, 15, 17, 18, 19, 20, 21, 22, 24, 25, 26, 27, 29, 32, 43, 46, 47, 48, 51, 54, 55, 56, 57, 58, 59, 62, 89, 101, 110, 111, 119, 145, 167, 201, 214, 255, 308, 343, 365, 381, 402], "summary": {"covered_lines": 42, "num_statements": 42, "percent_covered": 100.0, "percent_covered_display": "100", "missing_lines": 0, "excluded_lines": 0, "percent_statements_covered": 100.0, "percent_statements_covered_display": "100"}, "missing_lines": [], "excluded_lines": [], "start_line": 1}}, "classes": {"QueryType": {"executed_lines": [], "summary": {"covered_lines": 0, "num_statements": 0, "percent_covered": 100.0, "percent_covered_display": "100", "missing_lines": 0, "excluded_lines": 0, "percent_statements_covered": 100.0, "percent_statements_covered_display": "100"}, "missing_lines": [], "excluded_lines": [], "start_line": 43}, "RetrievalResult": {"executed_lines": [], "summary": {"covered_lines": 0, "num_statements": 0, "percent_covered": 100.0, "percent_covered_display": "100", "missing_lines": 0, "excluded_lines": 0, "percent_statements_covered": 100.0, "percent_statements_covered_display": "100"}, "missing_lines": [], "excluded_lines": [], "start_line": 51}, "AgenticRetriever": {"executed_lines": [103, 104, 105, 106, 107, 108, 113, 117, 155, 156, 157, 160, 161, 162, 163, 165, 178, 181, 185, 186, 187, 188, 196, 198, 199, 273, 274, 276, 277, 280, 281, 282, 283, 286, 287, 288, 289, 290, 293, 295, 296, 297, 298, 299, 300, 301, 305, 306, 319, 320, 323, 328, 329, 331, 332, 333, 334, 335, 336, 340, 341, 353, 354, 356, 362, 363, 375, 376, 378, 379, 393, 395, 399, 400, 424, 427, 428, 430, 431, 434, 435, 437, 440, 441, 443, 444, 445, 448, 449, 450, 451, 452, 453, 454, 457, 458, 459, 461, 462, 463, 466, 469, 470, 472, 473, 474, 476, 481, 482, 483, 486, 487, 488, 489, 490, 491, 492, 494, 497, 498, 499, 500, 501, 503, 514, 515], "summary": {"covered_lines": 126, "num_statements": 168, "percent_covered": 75.0, "percent_covered_display": "75", "missing_lines": 42, "excluded_lines": 0, "percent_statements_covered": 75.0, "percent_statements_covered_display": "75"}, "missing_lines": [114, 115, 116, 121, 122, 123, 124, 125, 126, 127, 129, 130, 133, 134, 135, 136, 137, 139, 140, 142, 143, 211, 212, 224, 225, 227, 228, 230, 231, 232, 234, 237, 241, 242, 243, 244, 245, 246, 247, 248, 252, 253], "excluded_lines": [], "start_line": 89}, "": {"executed_lines": [12, 14, 15, 17, 18, 19, 20, 21, 22, 24, 25, 26, 27, 29, 32, 43, 46, 47, 48, 51, 54, 55, 56, 57, 58, 59, 62, 74, 76, 77, 78, 79, 80, 81, 83, 85, 86, 89, 101, 110, 111, 119, 145, 167, 201, 214, 255, 308, 343, 365, 381, 402], "summary": {"covered_lines": 52, "num_statements": 53, "percent_covered": 98.11320754716981, "percent_covered_display": "98", "missing_lines": 1, "excluded_lines": 0, "percent_statements_covered": 98.11320754716981, "percent_statements_covered_display": "98"}, "missing_lines": [84], "excluded_lines": [], "start_line": 1}}}, "src/rag/vectorstore.py": {"executed_lines": [7, 9, 10, 12, 13, 14, 16, 18, 20, 23, 48, 55, 62, 63, 64, 65, 69, 75, 107, 154, 175, 184], "summary": {"covered_lines": 22, "num_statements": 72, "percent_covered": 30.555555555555557, "percent_covered_display": "31", "missing_lines": 50, "excluded_lines": 0, "percent_statements_covered": 30.555555555555557, "percent_statements_covered_display": "31"}, "missing_lines": [35, 36, 37, 38, 39, 40, 41, 42, 44, 45, 86, 87, 89, 90, 91, 93, 94, 95, 96, 97, 99, 105, 123, 128, 129, 131, 132, 133, 135, 137, 138, 139, 142, 143, 144, 151, 152, 160, 161, 163, 164, 165, 166, 167, 173, 177, 178, 182, 190, 191], "excluded_lines": [], "functions": {"_clean_metadata": {"executed_lines": [], "summary": {"covered_lines": 0, "num_statements": 10, "percent_covered": 0.0, "percent_covered_display": "0", "missing_lines": 10, "excluded_lines": 0, "percent_statements_covered": 0.0, "percent_statements_covered_display": "0"}, "missing_lines": [35, 36, 37, 38, 39, 40, 41, 42, 44, 45], "excluded_lines": [], "start_line": 23}, "VectorStore.__init__": {"executed_lines": [62, 63, 64, 65, 69], "summary": {"covered_lines": 5, "num_statements": 5, "percent_covered": 100.0, "percent_covered_display": "100", "missing_lines": 0, "excluded_lines": 0, "percent_statements_covered": 100.0, "percent_statements_covered_display": "100"}, "missing_lines": [], "excluded_lines": [], "start_line": 55}, "VectorStore.add_documents": {"executed_lines": [], "summary": {"covered_lines": 0, "num_statements": 12, "percent_covered": 0.0, "percent_covered_display": "0", "missing_lines": 12, "excluded_lines": 0, "percent_statements_covered": 0.0, "percent_statements_covered_display": "0"}, "missing_lines": [86, 87, 89, 90, 91, 93, 94, 95, 96, 97, 99, 105], "excluded_lines": [], "start_line": 75}, "VectorStore.similarity_search": {"executed_lines": [], "summary": {"covered_lines": 0, "num_statements": 15, "percent_covered": 0.0, "percent_covered_display": "0", "missing_lines": 15, "excluded_lines": 0, "percent_statements_covered": 0.0, "percent_statements_covered_display": "0"}, "missing_lines": [123, 128, 129, 131, 132, 133, 135, 137, 138, 139, 142, 143, 144, 151, 152], "excluded_lines": [], "start_line": 107}, "VectorStore.get_all_documents": {"executed_lines": [], "summary": {"covered_lines": 0, "num_statements": 8, "percent_covered": 0.0, "percent_covered_display": "0", "missing_lines": 8, "excluded_lines": 0, "percent_statements_covered": 0.0, "percent_statements_covered_display": "0"}, "missing_lines": [160, 161, 163, 164, 165, 166, 167, 173], "excluded_lines": [], "start_line": 154}, "VectorStore.delete_collection": {"executed_lines": [], "summary": {"covered_lines": 0, "num_statements": 3, "percent_covered": 0.0, "percent_covered_display": "0", "missing_lines": 3, "excluded_lines": 0, "percent_statements_covered": 0.0, "percent_statements_covered_display": "0"}, "missing_lines": [177, 178, 182], "excluded_lines": [], "start_line": 175}, "VectorStore.get_collection_stats": {"executed_lines": [], "summary": {"covered_lines": 0, "num_statements": 2, "percent_covered": 0.0, "percent_covered_display": "0", "missing_lines": 2, "excluded_lines": 0, "percent_statements_covered": 0.0, "percent_statements_covered_display": "0"}, "missing_lines": [190, 191], "excluded_lines": [], "start_line": 184}, "": {"executed_lines": [7, 9, 10, 12, 13, 14, 16, 18, 20, 23, 48, 55, 75, 107, 154, 175, 184], "summary": {"covered_lines": 17, "num_statements": 17, "percent_covered": 100.0, "percent_covered_display": "100", "missing_lines": 0, "excluded_lines": 0, "percent_statements_covered": 100.0, "percent_statements_covered_display": "100"}, "missing_lines": [], "excluded_lines": [], "start_line": 1}}, "classes": {"VectorStore": {"executed_lines": [62, 63, 64, 65, 69], "summary": {"covered_lines": 5, "num_statements": 45, "percent_covered": 11.11111111111111, "percent_covered_display": "11", "missing_lines": 40, "excluded_lines": 0, "percent_statements_covered": 11.11111111111111, "percent_statements_covered_display": "11"}, "missing_lines": [86, 87, 89, 90, 91, 93, 94, 95, 96, 97, 99, 105, 123, 128, 129, 131, 132, 133, 135, 137, 138, 139, 142, 143, 144, 151, 152, 160, 161, 163, 164, 165, 166, 167, 173, 177, 178, 182, 190, 191], "excluded_lines": [], "start_line": 48}, "": {"executed_lines": [7, 9, 10, 12, 13, 14, 16, 18, 20, 23, 48, 55, 75, 107, 154, 175, 184], "summary": {"covered_lines": 17, "num_statements": 27, "percent_covered": 62.96296296296296, "percent_covered_display": "63", "missing_lines": 10, "excluded_lines": 0, "percent_statements_covered": 62.96296296296296, "percent_statements_covered_display": "63"}, "missing_lines": [35, 36, 37, 38, 39, 40, 41, 42, 44, 45], "excluded_lines": [], "start_line": 1}}}, "src/schemas/__init__.py": {"executed_lines": [3, 8, 9, 10, 12], "summary": {"covered_lines": 5, "num_statements": 5, "percent_covered": 100.0, "percent_covered_display": "100", "missing_lines": 0, "excluded_lines": 0, "percent_statements_covered": 100.0, "percent_statements_covered_display": "100"}, "missing_lines": [], "excluded_lines": [], "functions": {"": {"executed_lines": [3, 8, 9, 10, 12], "summary": {"covered_lines": 5, "num_statements": 5, "percent_covered": 100.0, "percent_covered_display": "100", "missing_lines": 0, "excluded_lines": 0, "percent_statements_covered": 100.0, "percent_statements_covered_display": "100"}, "missing_lines": [], "excluded_lines": [], "start_line": 1}}, "classes": {"": {"executed_lines": [3, 8, 9, 10, 12], "summary": {"covered_lines": 5, "num_statements": 5, "percent_covered": 100.0, "percent_covered_display": "100", "missing_lines": 0, "excluded_lines": 0, "percent_statements_covered": 100.0, "percent_statements_covered_display": "100"}, "missing_lines": [], "excluded_lines": [], "start_line": 1}}}, "src/schemas/analysis.py": {"executed_lines": [3, 4, 6, 9, 12, 13, 14, 15, 16, 17, 20, 23, 26, 27, 30, 33, 39, 42, 43, 46, 49, 52, 53, 54, 55], "summary": {"covered_lines": 25, "num_statements": 25, "percent_covered": 100.0, "percent_covered_display": "100", "missing_lines": 0, "excluded_lines": 0, "percent_statements_covered": 100.0, "percent_statements_covered_display": "100"}, "missing_lines": [], "excluded_lines": [], "functions": {"": {"executed_lines": [3, 4, 6, 9, 12, 13, 14, 15, 16, 17, 20, 23, 26, 27, 30, 33, 39, 42, 43, 46, 49, 52, 53, 54, 55], "summary": {"covered_lines": 25, "num_statements": 25, "percent_covered": 100.0, "percent_covered_display": "100", "missing_lines": 0, "excluded_lines": 0, "percent_statements_covered": 100.0, "percent_statements_covered_display": "100"}, "missing_lines": [], "excluded_lines": [], "start_line": 1}}, "classes": {"FundamentalAnalysis": {"executed_lines": [], "summary": {"covered_lines": 0, "num_statements": 0, "percent_covered": 100.0, "percent_covered_display": "100", "missing_lines": 0, "excluded_lines": 0, "percent_statements_covered": 100.0, "percent_statements_covered_display": "100"}, "missing_lines": [], "excluded_lines": [], "start_line": 9}, "InvestmentRecommendation": {"executed_lines": [], "summary": {"covered_lines": 0, "num_statements": 0, "percent_covered": 100.0, "percent_covered_display": "100", "missing_lines": 0, "excluded_lines": 0, "percent_statements_covered": 100.0, "percent_statements_covered_display": "100"}, "missing_lines": [], "excluded_lines": [], "start_line": 20}, "AnalysisReport": {"executed_lines": [], "summary": {"covered_lines": 0, "num_statements": 0, "percent_covered": 100.0, "percent_covered_display": "100", "missing_lines": 0, "excluded_lines": 0, "percent_statements_covered": 100.0, "percent_statements_covered_display": "100"}, "missing_lines": [], "excluded_lines": [], "start_line": 39}, "": {"executed_lines": [3, 4, 6, 9, 12, 13, 14, 15, 16, 17, 20, 23, 26, 27, 30, 33, 39, 42, 43, 46, 49, 52, 53, 54, 55], "summary": {"covered_lines": 25, "num_statements": 25, "percent_covered": 100.0, "percent_covered_display": "100", "missing_lines": 0, "excluded_lines": 0, "percent_statements_covered": 100.0, "percent_statements_covered_display": "100"}, "missing_lines": [], "excluded_lines": [], "start_line": 1}}}, "src/schemas/market.py": {"executed_lines": [3, 5, 8, 11, 12, 13, 14, 15, 16, 21, 24, 25, 26, 27, 30, 33, 34, 35, 38], "summary": {"covered_lines": 19, "num_statements": 19, "percent_covered": 100.0, "percent_covered_display": "100", "missing_lines": 0, "excluded_lines": 0, "percent_statements_covered": 100.0, "percent_statements_covered_display": "100"}, "missing_lines": [], "excluded_lines": [], "functions": {"": {"executed_lines": [3, 5, 8, 11, 12, 13, 14, 15, 16, 21, 24, 25, 26, 27, 30, 33, 34, 35, 38], "summary": {"covered_lines": 19, "num_statements": 19, "percent_covered": 100.0, "percent_covered_display": "100", "missing_lines": 0, "excluded_lines": 0, "percent_statements_covered": 100.0, "percent_statements_covered_display": "100"}, "missing_lines": [], "excluded_lines": [], "start_line": 1}}, "classes": {"MarketData": {"executed_lines": [], "summary": {"covered_lines": 0, "num_statements": 0, "percent_covered": 100.0, "percent_covered_display": "100", "missing_lines": 0, "excluded_lines": 0, "percent_statements_covered": 100.0, "percent_statements_covered_display": "100"}, "missing_lines": [], "excluded_lines": [], "start_line": 8}, "PriceHistory": {"executed_lines": [], "summary": {"covered_lines": 0, "num_statements": 0, "percent_covered": 100.0, "percent_covered_display": "100", "missing_lines": 0, "excluded_lines": 0, "percent_statements_covered": 100.0, "percent_statements_covered_display": "100"}, "missing_lines": [], "excluded_lines": [], "start_line": 21}, "MarketOverview": {"executed_lines": [], "summary": {"covered_lines": 0, "num_statements": 0, "percent_covered": 100.0, "percent_covered_display": "100", "missing_lines": 0, "excluded_lines": 0, "percent_statements_covered": 100.0, "percent_statements_covered_display": "100"}, "missing_lines": [], "excluded_lines": [], "start_line": 30}, "": {"executed_lines": [3, 5, 8, 11, 12, 13, 14, 15, 16, 21, 24, 25, 26, 27, 30, 33, 34, 35, 38], "summary": {"covered_lines": 19, "num_statements": 19, "percent_covered": 100.0, "percent_covered_display": "100", "missing_lines": 0, "excluded_lines": 0, "percent_statements_covered": 100.0, "percent_statements_covered_display": "100"}, "missing_lines": [], "excluded_lines": [], "start_line": 1}}}, "src/schemas/news.py": {"executed_lines": [3, 4, 6, 9, 12, 13, 14, 15, 16, 19, 22, 25, 28, 31], "summary": {"covered_lines": 14, "num_statements": 14, "percent_covered": 100.0, "percent_covered_display": "100", "missing_lines": 0, "excluded_lines": 0, "percent_statements_covered": 100.0, "percent_statements_covered_display": "100"}, "missing_lines": [], "excluded_lines": [], "functions": {"": {"executed_lines": [3, 4, 6, 9, 12, 13, 14, 15, 16, 19, 22, 25, 28, 31], "summary": {"covered_lines": 14, "num_statements": 14, "percent_covered": 100.0, "percent_covered_display": "100", "missing_lines": 0, "excluded_lines": 0, "percent_statements_covered": 100.0, "percent_statements_covered_display": "100"}, "missing_lines": [], "excluded_lines": [], "start_line": 1}}, "classes": {"NewsItem": {"executed_lines": [], "summary": {"covered_lines": 0, "num_statements": 0, "percent_covered": 100.0, "percent_covered_display": "100", "missing_lines": 0, "excluded_lines": 0, "percent_statements_covered": 100.0, "percent_statements_covered_display": "100"}, "missing_lines": [], "excluded_lines": [], "start_line": 9}, "NewsSentiment": {"executed_lines": [], "summary": {"covered_lines": 0, "num_statements": 0, "percent_covered": 100.0, "percent_covered_display": "100", "missing_lines": 0, "excluded_lines": 0, "percent_statements_covered": 100.0, "percent_statements_covered_display": "100"}, "missing_lines": [], "excluded_lines": [], "start_line": 22}, "": {"executed_lines": [3, 4, 6, 9, 12, 13, 14, 15, 16, 19, 22, 25, 28, 31], "summary": {"covered_lines": 14, "num_statements": 14, "percent_covered": 100.0, "percent_covered_display": "100", "missing_lines": 0, "excluded_lines": 0, "percent_statements_covered": 100.0, "percent_statements_covered_display": "100"}, "missing_lines": [], "excluded_lines": [], "start_line": 1}}}, "src/schemas/tokenomics.py": {"executed_lines": [3, 5, 8, 11, 12, 13, 16, 17, 20, 23, 26, 29, 32], "summary": {"covered_lines": 13, "num_statements": 13, "percent_covered": 100.0, "percent_covered_display": "100", "missing_lines": 0, "excluded_lines": 0, "percent_statements_covered": 100.0, "percent_statements_covered_display": "100"}, "missing_lines": [], "excluded_lines": [], "functions": {"": {"executed_lines": [3, 5, 8, 11, 12, 13, 16, 17, 20, 23, 26, 29, 32], "summary": {"covered_lines": 13, "num_statements": 13, "percent_covered": 100.0, "percent_covered_display": "100", "missing_lines": 0, "excluded_lines": 0, "percent_statements_covered": 100.0, "percent_statements_covered_display": "100"}, "missing_lines": [], "excluded_lines": [], "start_line": 1}}, "classes": {"UnlockEvent": {"executed_lines": [], "summary": {"covered_lines": 0, "num_statements": 0, "percent_covered": 100.0, "percent_covered_display": "100", "missing_lines": 0, "excluded_lines": 0, "percent_statements_covered": 100.0, "percent_statements_covered_display": "100"}, "missing_lines": [], "excluded_lines": [], "start_line": 8}, "TokenomicsData": {"executed_lines": [], "summary": {"covered_lines": 0, "num_statements": 0, "percent_covered": 100.0, "percent_covered_display": "100", "missing_lines": 0, "excluded_lines": 0, "percent_statements_covered": 100.0, "percent_statements_covered_display": "100"}, "missing_lines": [], "excluded_lines": [], "start_line": 20}, "": {"executed_lines": [3, 5, 8, 11, 12, 13, 16, 17, 20, 23, 26, 29, 32], "summary": {"covered_lines": 13, "num_statements": 13, "percent_covered": 100.0, "percent_covered_display": "100", "missing_lines": 0, "excluded_lines": 0, "percent_statements_covered": 100.0, "percent_statements_covered_display": "100"}, "missing_lines": [], "excluded_lines": [], "start_line": 1}}}}, "totals": {"covered_lines": 2087, "num_statements": 2864, "percent_covered": 72.87011173184358, "percent_covered_display": "73", "missing_lines": 777, "excluded_lines": 0, "percent_statements_covered": 72.87011173184358, "percent_statements_covered_display": "73"}}